2024-05-31 18:46:47.840275
Sender: 17
Destination: 17
Aspect: G
RSSI: -61

2024-05-31 18:47:03.395658
Sender: 17
Destination: 17
Aspect: A
RSSI: -61

2024-05-31 18:47:31.337254
Sender: 17
Destination: 17
Aspect: G
RSSI: -70

2024-05-31 18:48:23.312886
Sender: 17
Destination: 17
Aspect: A
RSSI: -67

2024-05-31 19:02:19.427067
Sender: 17
Destination: 17
Aspect: A
RSSI: -67

2024-05-31 19:02:33.356134
Sender: 17
Destination: 17
Aspect: G
RSSI: -67

2024-05-31 19:06:17.054485
Sender: 17
Destination: 17
Aspect: G
RSSI: -68

2024-05-31 19:06:45.021758
Sender: 17
Destination: 17
Aspect: A
RSSI: -68

2024-05-31 19:06:45.348625
Sender: 17
Destination: 17
Aspect: A
RSSI: -68

2024-05-31 19:07:51.664402
Sender: 17
Destination: 17
Aspect: G
RSSI: -74

2024-05-31 19:07:51.989521
Sender: 17
Destination: 17
Aspect: G
RSSI: -75

2024-05-31 20:39:27.775136
Sender: 17
Destination: 19
Aspect: A
RSSI: -49

2024-05-31 20:39:33.628816
Sender: 17
Destination: 19
Aspect: G
RSSI: -50

2024-05-31 20:39:38.858645
Sender: 17
Destination: 17
Aspect: A
RSSI: -50

2024-05-31 20:39:46.787813
Sender: 17
Destination: 19
Aspect: G
RSSI: -59

2024-05-31 20:40:32.013705
Sender: 17
Destination: 17
Aspect: A
RSSI: -51

2024-05-31 20:40:50.159799
Sender: 17
Destination: 19
Aspect: G
RSSI: -92

2024-05-31 20:41:25.286574
Sender: 17
Destination: 19
Aspect: A
RSSI: -93

2024-05-31 20:41:39.152490
Sender: 17
Destination: 17
Aspect: G
RSSI: -96

2024-05-31 20:50:23.569836
Sender: 17
Destination: 17
Aspect: G
RSSI: -54

2024-05-31 20:50:56.024991
Sender: 17
Destination: 17
Aspect: A
RSSI: -54

2024-05-31 20:51:01.334302
Sender: 17
Destination: 19
Aspect: G
RSSI: -54

2024-05-31 20:52:32.008125
Sender: 17
Destination: 17
Aspect: A
RSSI: -55

2024-05-31 20:52:43.253009
Sender: 17
Destination: 19
Aspect: G
RSSI: -53

2024-05-31 20:52:48.556247
Sender: 17
Destination: 19
Aspect: A
RSSI: -58

2024-05-31 20:56:17.405811
Sender: 17
Destination: 19
Aspect: G
RSSI: -54

2024-05-31 20:56:26.860146
Sender: 17
Destination: 19
Aspect: A
RSSI: -57

2024-05-31 20:56:29.443494
Sender: 17
Destination: 19
Aspect: G
RSSI: -58

2024-05-31 20:56:37.010707
Sender: 17
Destination: 19
Aspect: A
RSSI: -53

2024-05-31 20:56:44.586544
Sender: 17
Destination: 19
Aspect: G
RSSI: -53

