2024-05-29 20:55:11.963746
Sender: 18
Head 0: G
Head 1: O
Head 2: O
Head 3: O
Captures: 0
Releases: 0
Turnouts: 0
Voltage: 3.2
RSSI: -75

2024-05-29 20:55:12.399190
Sender: 17
Head 0: G
Head 1: G
Head 2: O
Head 3: O
Captures: 0
Releases: 0
Turnouts: 0
Voltage: 0.7
RSSI: -7

2024-05-31 18:32:07.577109
Sender: 18
Head 0: G
Head 1: O
Head 2: O
Head 3: O
Captures: 0
Releases: 0
Turnouts: 0
Voltage: 11.9
RSSI: -66

2024-05-31 18:32:07.629578
Sender: 17
Head 0: R
Head 1: G
Head 2: O
Head 3: O
Captures: 0
Releases: 0
Turnouts: 0
Voltage: 0.0
RSSI: -2

2024-05-31 18:32:07.739999
Sender: 18
Head 0: G
Head 1: O
Head 2: O
Head 3: O
Captures: 0
Releases: 0
Turnouts: 0
Voltage: 11.9
RSSI: -66

2024-05-31 18:32:07.795214
Sender: 17
Head 0: R
Head 1: G
Head 2: O
Head 3: O
Captures: 0
Releases: 0
Turnouts: 0
Voltage: 0.0
RSSI: -2

2024-05-31 18:32:15.119874
Sender: 18
Head 0: G
Head 1: O
Head 2: O
Head 3: O
Captures: 0
Releases: 0
Turnouts: 0
Voltage: 11.9
RSSI: -66

2024-05-31 18:32:30.568453
Sender: 18
Head 0: G
Head 1: O
Head 2: O
Head 3: O
Captures: 0
Releases: 0
Turnouts: 0
Voltage: 11.9
RSSI: -66

2024-05-31 18:33:08.000971
Sender: 18
Head 0: G
Head 1: O
Head 2: O
Head 3: O
Captures: 0
Releases: 0
Turnouts: 0
Voltage: 11.9
RSSI: -66

2024-05-31 18:33:14.432893
Sender: 17
Head 0: R
Head 1: G
Head 2: O
Head 3: O
Captures: 0
Releases: 2
Turnouts: 0
Voltage: 0.0
RSSI: -2

2024-05-31 18:34:07.619528
Sender: 18
Head 0: G
Head 1: O
Head 2: O
Head 3: O
Captures: 0
Releases: 0
Turnouts: 0
Voltage: 11.9
RSSI: -66

2024-05-31 18:35:57.039990
Sender: 18
Head 0: G
Head 1: O
Head 2: O
Head 3: O
Captures: 0
Releases: 0
Turnouts: 0
Voltage: 11.9
RSSI: -66

2024-05-31 18:38:12.415605
Sender: 18
Head 0: G
Head 1: O
Head 2: O
Head 3: O
Captures: 0
Releases: 0
Turnouts: 0
Voltage: 11.9
RSSI: -66

2024-05-31 18:38:22.514628
Sender: 17
Head 0: G
Head 1: G
Head 2: O
Head 3: O
Captures: 0
Releases: 2
Turnouts: 0
Voltage: 0.0
RSSI: -2

2024-05-31 18:38:26.375508
Sender: 17
Head 0: G
Head 1: G
Head 2: O
Head 3: O
Captures: 0
Releases: 2
Turnouts: 0
Voltage: 0.0
RSSI: -2

2024-05-31 18:46:37.857617
Sender: 19
Head 0: R
Head 1: O
Head 2: O
Head 3: O
Captures: 0
Releases: 0
Turnouts: 0
Voltage: 0.0
RSSI: -2

2024-05-31 18:46:37.968311
Sender: 19
Head 0: R
Head 1: O
Head 2: O
Head 3: O
Captures: 0
Releases: 0
Turnouts: 0
Voltage: 0.0
RSSI: -2

2024-05-31 18:46:38.079155
Sender: 17
Head 0: R
Head 1: R
Head 2: O
Head 3: O
Captures: 0
Releases: 0
Turnouts: 0
Voltage: 11.9
RSSI: -60

2024-05-31 18:46:38.134824
Sender: 19
Head 0: R
Head 1: O
Head 2: O
Head 3: O
Captures: 0
Releases: 0
Turnouts: 0
Voltage: 3.2
RSSI: -55

2024-05-31 18:46:38.563727
Sender: 17
Head 0: R
Head 1: R
Head 2: O
Head 3: O
Captures: 0
Releases: 0
Turnouts: 0
Voltage: 11.9
RSSI: -60

2024-05-31 18:46:47.894564
Sender: 19
Head 0: G
Head 1: O
Head 2: O
Head 3: O
Captures: 0
Releases: 0
Turnouts: 0
Voltage: 3.2
RSSI: -55

2024-05-31 18:46:48.005776
Sender: 17
Head 0: G
Head 1: R
Head 2: O
Head 3: O
Captures: 0
Releases: 0
Turnouts: 0
Voltage: 11.9
RSSI: -60

2024-05-31 18:47:03.451473
Sender: 19
Head 0: R
Head 1: O
Head 2: O
Head 3: O
Captures: 0
Releases: 0
Turnouts: 0
Voltage: 3.2
RSSI: -55

2024-05-31 18:47:03.559561
Sender: 17
Head 0: A
Head 1: R
Head 2: O
Head 3: O
Captures: 0
Releases: 0
Turnouts: 0
Voltage: 11.9
RSSI: -60

2024-05-31 18:47:31.393111
Sender: 19
Head 0: G
Head 1: O
Head 2: O
Head 3: O
Captures: 0
Releases: 0
Turnouts: 0
Voltage: 3.2
RSSI: -55

2024-05-31 18:47:31.501767
Sender: 17
Head 0: G
Head 1: R
Head 2: O
Head 3: O
Captures: 0
Releases: 0
Turnouts: 0
Voltage: 11.9
RSSI: -60

2024-05-31 18:47:49.623963
Sender: 19
Head 0: G
Head 1: O
Head 2: O
Head 3: O
Captures: 0
Releases: 0
Turnouts: 0
Voltage: 3.2
RSSI: -55

2024-05-31 18:48:23.364684
Sender: 19
Head 0: R
Head 1: O
Head 2: O
Head 3: O
Captures: 0
Releases: 0
Turnouts: 0
Voltage: 3.2
RSSI: -55

2024-05-31 18:48:23.475910
Sender: 17
Head 0: A
Head 1: R
Head 2: O
Head 3: O
Captures: 0
Releases: 0
Turnouts: 0
Voltage: 11.9
RSSI: -60

2024-05-31 18:49:04.482081
Sender: 19
Head 0: R
Head 1: O
Head 2: O
Head 3: O
Captures: 0
Releases: 0
Turnouts: 0
Voltage: 0.0
RSSI: -2

2024-05-31 18:49:04.586942
Sender: 19
Head 0: R
Head 1: O
Head 2: O
Head 3: O
Captures: 0
Releases: 0
Turnouts: 0
Voltage: 0.0
RSSI: -2

2024-05-31 18:49:04.695422
Sender: 17
Head 0: A
Head 1: R
Head 2: O
Head 3: O
Captures: 0
Releases: 0
Turnouts: 0
Voltage: 11.9
RSSI: -60

2024-05-31 18:49:04.748544
Sender: 19
Head 0: R
Head 1: O
Head 2: O
Head 3: O
Captures: 0
Releases: 0
Turnouts: 0
Voltage: 3.2
RSSI: -58

2024-05-31 18:49:05.179044
Sender: 17
Head 0: A
Head 1: R
Head 2: O
Head 3: O
Captures: 0
Releases: 0
Turnouts: 0
Voltage: 11.9
RSSI: -60

2024-05-31 19:01:58.215460
Sender: 19
Head 0: R
Head 1: O
Head 2: O
Head 3: O
Captures: 0
Releases: 0
Turnouts: 0
Voltage: 0.0
RSSI: -2

2024-05-31 19:01:58.322617
Sender: 19
Head 0: R
Head 1: O
Head 2: O
Head 3: O
Captures: 0
Releases: 0
Turnouts: 0
Voltage: 0.0
RSSI: -2

2024-05-31 19:01:58.432994
Sender: 17
Head 0: G
Head 1: G
Head 2: O
Head 3: O
Captures: 0
Releases: 0
Turnouts: 0
Voltage: 12.0
RSSI: -60

2024-05-31 19:01:58.485010
Sender: 19
Head 0: R
Head 1: O
Head 2: O
Head 3: O
Captures: 0
Releases: 0
Turnouts: 0
Voltage: 3.2
RSSI: -60

2024-05-31 19:01:58.918421
Sender: 17
Head 0: G
Head 1: G
Head 2: O
Head 3: O
Captures: 0
Releases: 0
Turnouts: 0
Voltage: 12.0
RSSI: -60

2024-05-31 19:02:10.376306
Sender: 17
Head 0: G
Head 1: G
Head 2: O
Head 3: O
Captures: 0
Releases: 0
Turnouts: 0
Voltage: 11.9
RSSI: -60

2024-05-31 19:02:19.482904
Sender: 19
Head 0: R
Head 1: O
Head 2: O
Head 3: O
Captures: 0
Releases: 0
Turnouts: 0
Voltage: 3.2
RSSI: -60

2024-05-31 19:02:19.590327
Sender: 17
Head 0: A
Head 1: G
Head 2: O
Head 3: O
Captures: 0
Releases: 0
Turnouts: 0
Voltage: 11.9
RSSI: -60

2024-05-31 19:02:33.411879
Sender: 19
Head 0: G
Head 1: O
Head 2: O
Head 3: O
Captures: 0
Releases: 0
Turnouts: 0
Voltage: 3.2
RSSI: -60

2024-05-31 19:02:33.522189
Sender: 17
Head 0: G
Head 1: G
Head 2: O
Head 3: O
Captures: 0
Releases: 0
Turnouts: 0
Voltage: 11.9
RSSI: -60

2024-05-31 19:06:00.628138
Sender: 19
Head 0: R
Head 1: O
Head 2: O
Head 3: O
Captures: 0
Releases: 0
Turnouts: 0
Voltage: 0.0
RSSI: -2

2024-05-31 19:06:00.734633
Sender: 19
Head 0: R
Head 1: O
Head 2: O
Head 3: O
Captures: 0
Releases: 0
Turnouts: 0
Voltage: 0.0
RSSI: -2

2024-05-31 19:06:00.845311
Sender: 17
Head 0: A
Head 1: G
Head 2: O
Head 3: O
Captures: 0
Releases: 0
Turnouts: 0
Voltage: 11.9
RSSI: -60

2024-05-31 19:06:17.110172
Sender: 19
Head 0: G
Head 1: O
Head 2: O
Head 3: O
Captures: 0
Releases: 0
Turnouts: 0
Voltage: 3.2
RSSI: -59

2024-05-31 19:06:17.220536
Sender: 17
Head 0: G
Head 1: G
Head 2: O
Head 3: O
Captures: 0
Releases: 0
Turnouts: 0
Voltage: 11.9
RSSI: -60

2024-05-31 19:06:45.077487
Sender: 19
Head 0: R
Head 1: O
Head 2: O
Head 3: O
Captures: 0
Releases: 0
Turnouts: 0
Voltage: 3.2
RSSI: -59

2024-05-31 19:06:45.403957
Sender: 17
Head 0: A
Head 1: G
Head 2: O
Head 3: O
Captures: 0
Releases: 0
Turnouts: 0
Voltage: 11.9
RSSI: -60

2024-05-31 19:07:23.724669
Sender: 19
Head 0: R
Head 1: O
Head 2: O
Head 3: O
Captures: 0
Releases: 0
Turnouts: 0
Voltage: 0.0
RSSI: -2

2024-05-31 19:07:23.834605
Sender: 19
Head 0: R
Head 1: O
Head 2: O
Head 3: O
Captures: 0
Releases: 0
Turnouts: 0
Voltage: 0.0
RSSI: -2

2024-05-31 19:07:23.945831
Sender: 17
Head 0: A
Head 1: G
Head 2: O
Head 3: O
Captures: 0
Releases: 0
Turnouts: 0
Voltage: 11.9
RSSI: -60

2024-05-31 19:07:24.001479
Sender: 19
Head 0: R
Head 1: O
Head 2: O
Head 3: O
Captures: 0
Releases: 0
Turnouts: 0
Voltage: 3.2
RSSI: -67

2024-05-31 19:07:24.109292
Sender: 17
Head 0: A
Head 1: G
Head 2: O
Head 3: O
Captures: 0
Releases: 0
Turnouts: 0
Voltage: 11.9
RSSI: -60

2024-05-31 19:07:47.547235
Sender: 19
Head 0: R
Head 1: O
Head 2: O
Head 3: O
Captures: 0
Releases: 0
Turnouts: 0
Voltage: 3.2
RSSI: -67

2024-05-31 19:07:51.717990
Sender: 19
Head 0: G
Head 1: O
Head 2: O
Head 3: O
Captures: 0
Releases: 0
Turnouts: 0
Voltage: 3.2
RSSI: -67

2024-05-31 19:07:52.040400
Sender: 17
Head 0: G
Head 1: G
Head 2: O
Head 3: O
Captures: 0
Releases: 0
Turnouts: 0
Voltage: 11.9
RSSI: -60

2024-05-31 19:07:57.233082
Sender: 17
Head 0: G
Head 1: G
Head 2: O
Head 3: O
Captures: 0
Releases: 0
Turnouts: 0
Voltage: 11.9
RSSI: -60

2024-05-31 20:39:21.997836
Sender: 17
Head 0: G
Head 1: R
Head 2: O
Head 3: O
Captures: 0
Releases: 0
Turnouts: 0
Voltage: 12.0
RSSI: -52

2024-05-31 20:39:22.051893
Sender: 19
Head 0: G
Head 1: O
Head 2: O
Head 3: O
Captures: 0
Releases: 0
Turnouts: 0
Voltage: 3.2
RSSI: -52

2024-05-31 20:39:27.829762
Sender: 17
Head 0: R
Head 1: R
Head 2: O
Head 3: O
Captures: 0
Releases: 0
Turnouts: 0
Voltage: 11.9
RSSI: -52

2024-05-31 20:39:27.881342
Sender: 19
Head 0: A
Head 1: O
Head 2: O
Head 3: O
Captures: 0
Releases: 0
Turnouts: 0
Voltage: 3.2
RSSI: -52

2024-05-31 20:39:33.682046
Sender: 17
Head 0: G
Head 1: R
Head 2: O
Head 3: O
Captures: 0
Releases: 0
Turnouts: 0
Voltage: 11.9
RSSI: -52

2024-05-31 20:39:33.737760
Sender: 19
Head 0: G
Head 1: O
Head 2: O
Head 3: O
Captures: 0
Releases: 0
Turnouts: 0
Voltage: 3.2
RSSI: -52

2024-05-31 20:39:38.911145
Sender: 19
Head 0: R
Head 1: O
Head 2: O
Head 3: O
Captures: 0
Releases: 0
Turnouts: 0
Voltage: 3.2
RSSI: -52

2024-05-31 20:39:39.021115
Sender: 17
Head 0: A
Head 1: R
Head 2: O
Head 3: O
Captures: 0
Releases: 0
Turnouts: 0
Voltage: 11.9
RSSI: -52

2024-05-31 20:39:46.843514
Sender: 19
Head 0: G
Head 1: O
Head 2: O
Head 3: O
Captures: 0
Releases: 2
Turnouts: 0
Voltage: 3.2
RSSI: -52

2024-05-31 20:39:56.590989
Sender: 17
Head 0: G
Head 1: R
Head 2: O
Head 3: O
Captures: 0
Releases: 0
Turnouts: 0
Voltage: 11.9
RSSI: -52

2024-05-31 20:40:32.069451
Sender: 19
Head 0: R
Head 1: O
Head 2: O
Head 3: O
Captures: 0
Releases: 0
Turnouts: 0
Voltage: 3.2
RSSI: -52

2024-05-31 20:40:32.180621
Sender: 17
Head 0: A
Head 1: R
Head 2: O
Head 3: O
Captures: 0
Releases: 0
Turnouts: 0
Voltage: 12.0
RSSI: -52

2024-05-31 20:40:50.214305
Sender: 19
Head 0: G
Head 1: O
Head 2: O
Head 3: O
Captures: 0
Releases: 0
Turnouts: 0
Voltage: 3.2
RSSI: -52

2024-05-31 20:40:59.683092
Sender: 17
Head 0: G
Head 1: R
Head 2: O
Head 3: O
Captures: 0
Releases: 0
Turnouts: 0
Voltage: 11.9
RSSI: -52

2024-05-31 20:41:19.159419
Sender: 17
Head 0: G
Head 1: R
Head 2: O
Head 3: O
Captures: 0
Releases: 0
Turnouts: 0
Voltage: 10.9
RSSI: -52

2024-05-31 20:41:25.338015
Sender: 17
Head 0: R
Head 1: R
Head 2: O
Head 3: O
Captures: 0
Releases: 0
Turnouts: 0
Voltage: 10.9
RSSI: -52

2024-05-31 20:41:25.389953
Sender: 19
Head 0: A
Head 1: O
Head 2: O
Head 3: O
Captures: 0
Releases: 0
Turnouts: 0
Voltage: 3.2
RSSI: -52

2024-05-31 20:41:39.208283
Sender: 17
Head 0: G
Head 1: R
Head 2: O
Head 3: O
Captures: 0
Releases: 0
Turnouts: 0
Voltage: 11.4
RSSI: -52

2024-05-31 20:41:48.812657
Sender: 19
Head 0: G
Head 1: O
Head 2: O
Head 3: O
Captures: 0
Releases: 0
Turnouts: 0
Voltage: 3.2
RSSI: -52

2024-05-31 20:46:33.134402
Sender: 19
Head 0: G
Head 1: O
Head 2: O
Head 3: O
Captures: 0
Releases: 0
Turnouts: 0
Voltage: 3.2
RSSI: -40

2024-05-31 20:46:33.241474
Sender: 17
Head 0: G
Head 1: R
Head 2: O
Head 3: O
Captures: 0
Releases: 0
Turnouts: 0
Voltage: 11.5
RSSI: -23

2024-05-31 20:46:33.295292
Sender: 19
Head 0: G
Head 1: O
Head 2: O
Head 3: O
Captures: 0
Releases: 0
Turnouts: 0
Voltage: 3.2
RSSI: -40

2024-05-31 20:46:33.405722
Sender: 17
Head 0: G
Head 1: R
Head 2: O
Head 3: O
Captures: 0
Releases: 0
Turnouts: 0
Voltage: 11.5
RSSI: -23

2024-05-31 20:46:54.016877
Sender: 17
Head 0: G
Head 1: R
Head 2: O
Head 3: O
Captures: 0
Releases: 0
Turnouts: 0
Voltage: 11.9
RSSI: -23

2024-05-31 20:47:40.559156
Sender: 17
Head 0: G
Head 1: R
Head 2: O
Head 3: O
Captures: 0
Releases: 0
Turnouts: 0
Voltage: 11.5
RSSI: -23

2024-05-31 20:47:41.562420
Sender: 17
Head 0: G
Head 1: R
Head 2: O
Head 3: O
Captures: 0
Releases: 0
Turnouts: 0
Voltage: 11.0
RSSI: -23

2024-05-31 20:47:42.566826
Sender: 17
Head 0: G
Head 1: R
Head 2: O
Head 3: O
Captures: 0
Releases: 0
Turnouts: 0
Voltage: 10.9
RSSI: -23

2024-05-31 20:47:48.561159
Sender: 17
Head 0: G
Head 1: R
Head 2: O
Head 3: O
Captures: 0
Releases: 0
Turnouts: 0
Voltage: 11.4
RSSI: -23

2024-05-31 20:47:51.561890
Sender: 17
Head 0: G
Head 1: R
Head 2: O
Head 3: O
Captures: 0
Releases: 0
Turnouts: 0
Voltage: 11.9
RSSI: -23

2024-05-31 20:47:59.564065
Sender: 17
Head 0: G
Head 1: R
Head 2: O
Head 3: O
Captures: 0
Releases: 0
Turnouts: 0
Voltage: 12.3
RSSI: -23

2024-05-31 20:49:36.414860
Sender: 17
Head 0: R
Head 1: R
Head 2: O
Head 3: O
Captures: 0
Releases: 0
Turnouts: 0
Voltage: 12.5
RSSI: -33

2024-05-31 20:49:36.469736
Sender: 19
Head 0: R
Head 1: O
Head 2: O
Head 3: O
Captures: 0
Releases: 0
Turnouts: 0
Voltage: 3.2
RSSI: -41

2024-05-31 20:49:36.578526
Sender: 17
Head 0: R
Head 1: R
Head 2: O
Head 3: O
Captures: 0
Releases: 0
Turnouts: 0
Voltage: 12.5
RSSI: -33

2024-05-31 20:49:36.634768
Sender: 19
Head 0: R
Head 1: O
Head 2: O
Head 3: O
Captures: 0
Releases: 0
Turnouts: 0
Voltage: 3.2
RSSI: -41

2024-05-31 20:49:36.741049
Sender: 17
Head 0: R
Head 1: R
Head 2: O
Head 3: O
Captures: 0
Releases: 0
Turnouts: 0
Voltage: 12.5
RSSI: -33

2024-05-31 20:49:36.796285
Sender: 19
Head 0: R
Head 1: O
Head 2: O
Head 3: O
Captures: 0
Releases: 0
Turnouts: 0
Voltage: 3.2
RSSI: -41

2024-05-31 20:50:16.476124
Sender: 17
Head 0: R
Head 1: R
Head 2: O
Head 3: O
Captures: 0
Releases: 0
Turnouts: 0
Voltage: 12.5
RSSI: -33

2024-05-31 20:50:23.621155
Sender: 19
Head 0: G
Head 1: O
Head 2: O
Head 3: O
Captures: 0
Releases: 0
Turnouts: 0
Voltage: 3.2
RSSI: -41

2024-05-31 20:50:23.728876
Sender: 17
Head 0: G
Head 1: R
Head 2: O
Head 3: O
Captures: 0
Releases: 0
Turnouts: 0
Voltage: 12.5
RSSI: -33

2024-05-31 20:50:31.924118
Sender: 17
Head 0: G
Head 1: R
Head 2: O
Head 3: O
Captures: 0
Releases: 0
Turnouts: 0
Voltage: 12.2
RSSI: -33

2024-05-31 20:50:41.937549
Sender: 17
Head 0: G
Head 1: R
Head 2: O
Head 3: O
Captures: 0
Releases: 0
Turnouts: 0
Voltage: 11.8
RSSI: -33

2024-05-31 20:50:50.428510
Sender: 17
Head 0: G
Head 1: R
Head 2: O
Head 3: O
Captures: 0
Releases: 0
Turnouts: 0
Voltage: 12.2
RSSI: -33

2024-05-31 20:50:56.080684
Sender: 19
Head 0: R
Head 1: O
Head 2: O
Head 3: O
Captures: 0
Releases: 0
Turnouts: 0
Voltage: 3.2
RSSI: -41

2024-05-31 20:50:56.188657
Sender: 17
Head 0: A
Head 1: R
Head 2: O
Head 3: O
Captures: 0
Releases: 0
Turnouts: 0
Voltage: 12.2
RSSI: -33

2024-05-31 20:51:01.390048
Sender: 19
Head 0: G
Head 1: O
Head 2: O
Head 3: O
Captures: 0
Releases: 0
Turnouts: 0
Voltage: 3.2
RSSI: -41

2024-05-31 20:51:10.794272
Sender: 17
Head 0: G
Head 1: R
Head 2: O
Head 3: O
Captures: 0
Releases: 0
Turnouts: 0
Voltage: 12.2
RSSI: -33

2024-05-31 20:52:32.061067
Sender: 19
Head 0: R
Head 1: O
Head 2: O
Head 3: O
Captures: 0
Releases: 2
Turnouts: 0
Voltage: 3.2
RSSI: -41

2024-05-31 20:52:32.168443
Sender: 17
Head 0: A
Head 1: R
Head 2: O
Head 3: O
Captures: 0
Releases: 0
Turnouts: 0
Voltage: 12.2
RSSI: -33

2024-05-31 20:52:37.783425
Sender: 19
Head 0: R
Head 1: O
Head 2: O
Head 3: O
Captures: 0
Releases: 2
Turnouts: 0
Voltage: 3.2
RSSI: -41

2024-05-31 20:52:43.308842
Sender: 19
Head 0: G
Head 1: O
Head 2: O
Head 3: O
Captures: 0
Releases: 2
Turnouts: 0
Voltage: 3.2
RSSI: -41

2024-05-31 20:52:48.611920
Sender: 17
Head 0: R
Head 1: R
Head 2: O
Head 3: O
Captures: 0
Releases: 0
Turnouts: 0
Voltage: 12.2
RSSI: -33

2024-05-31 20:52:48.664918
Sender: 19
Head 0: A
Head 1: O
Head 2: O
Head 3: O
Captures: 1
Releases: 2
Turnouts: 0
Voltage: 3.2
RSSI: -41

2024-05-31 20:52:53.885966
Sender: 19
Head 0: A
Head 1: O
Head 2: O
Head 3: O
Captures: 1
Releases: 0
Turnouts: 0
Voltage: 3.2
RSSI: -41

2024-05-31 20:56:10.914084
Sender: 17
Head 0: R
Head 1: R
Head 2: O
Head 3: O
Captures: 0
Releases: 0
Turnouts: 0
Voltage: 12.1
RSSI: -45

2024-05-31 20:56:10.969832
Sender: 19
Head 0: R
Head 1: O
Head 2: O
Head 3: O
Captures: 1
Releases: 0
Turnouts: 0
Voltage: 3.2
RSSI: -47

2024-05-31 20:56:11.077882
Sender: 17
Head 0: R
Head 1: R
Head 2: O
Head 3: O
Captures: 0
Releases: 0
Turnouts: 0
Voltage: 12.2
RSSI: -45

2024-05-31 20:56:11.130827
Sender: 19
Head 0: R
Head 1: O
Head 2: O
Head 3: O
Captures: 1
Releases: 0
Turnouts: 0
Voltage: 3.2
RSSI: -47

2024-05-31 20:56:11.239299
Sender: 17
Head 0: R
Head 1: R
Head 2: O
Head 3: O
Captures: 0
Releases: 0
Turnouts: 0
Voltage: 12.1
RSSI: -45

2024-05-31 20:56:17.459495
Sender: 17
Head 0: G
Head 1: R
Head 2: O
Head 3: O
Captures: 0
Releases: 0
Turnouts: 0
Voltage: 12.1
RSSI: -45

2024-05-31 20:56:17.514493
Sender: 19
Head 0: G
Head 1: O
Head 2: O
Head 3: O
Captures: 0
Releases: 1
Turnouts: 0
Voltage: 3.2
RSSI: -47

2024-05-31 20:56:26.915831
Sender: 17
Head 0: R
Head 1: R
Head 2: O
Head 3: O
Captures: 0
Releases: 0
Turnouts: 0
Voltage: 12.1
RSSI: -45

2024-05-31 20:56:26.968811
Sender: 19
Head 0: A
Head 1: O
Head 2: O
Head 3: O
Captures: 0
Releases: 0
Turnouts: 0
Voltage: 3.2
RSSI: -47

2024-05-31 20:56:29.498103
Sender: 17
Head 0: G
Head 1: R
Head 2: O
Head 3: O
Captures: 0
Releases: 0
Turnouts: 0
Voltage: 12.2
RSSI: -45

2024-05-31 20:56:29.552326
Sender: 19
Head 0: G
Head 1: O
Head 2: O
Head 3: O
Captures: 0
Releases: 1
Turnouts: 0
Voltage: 3.2
RSSI: -47

2024-05-31 20:56:37.061856
Sender: 17
Head 0: R
Head 1: R
Head 2: O
Head 3: O
Captures: 0
Releases: 0
Turnouts: 0
Voltage: 12.1
RSSI: -45

2024-05-31 20:56:37.117034
Sender: 19
Head 0: A
Head 1: O
Head 2: O
Head 3: O
Captures: 0
Releases: 1
Turnouts: 0
Voltage: 3.2
RSSI: -47

2024-05-31 20:56:44.638656
Sender: 17
Head 0: G
Head 1: R
Head 2: O
Head 3: O
Captures: 0
Releases: 0
Turnouts: 0
Voltage: 12.1
RSSI: -45

2024-05-31 20:56:44.689233
Sender: 19
Head 0: G
Head 1: O
Head 2: O
Head 3: O
Captures: 0
Releases: 1
Turnouts: 0
Voltage: 3.2
RSSI: -47

2024-05-31 20:56:51.943934
Sender: 19
Head 0: G
Head 1: O
Head 2: O
Head 3: O
Captures: 0
Releases: 1
Turnouts: 0
Voltage: 3.2
RSSI: -47

2024-05-31 20:57:01.387850
Sender: 19
Head 0: G
Head 1: O
Head 2: O
Head 3: O
Captures: 0
Releases: 0
Turnouts: 0
Voltage: 3.2
RSSI: -47

2024-05-31 20:57:25.774805
Sender: 17
Head 0: G
Head 1: R
Head 2: O
Head 3: O
Captures: 0
Releases: 0
Turnouts: 0
Voltage: 11.8
RSSI: -45

2024-05-31 20:57:28.275557
Sender: 17
Head 0: G
Head 1: R
Head 2: O
Head 3: O
Captures: 0
Releases: 0
Turnouts: 0
Voltage: 12.0
RSSI: -45

2024-05-31 20:57:30.776263
Sender: 17
Head 0: G
Head 1: R
Head 2: O
Head 3: O
Captures: 0
Releases: 0
Turnouts: 0
Voltage: 12.5
RSSI: -45

2024-05-31 20:57:32.776603
Sender: 17
Head 0: G
Head 1: R
Head 2: O
Head 3: O
Captures: 0
Releases: 0
Turnouts: 0
Voltage: 12.2
RSSI: -45

2024-05-31 20:57:38.419291
Sender: 17
Head 0: G
Head 1: R
Head 2: O
Head 3: O
Captures: 0
Releases: 0
Turnouts: 0
Voltage: 11.9
RSSI: -45

