The target system is: PICO -  - cortex-m0plus
The host system is: Darwin - 24.5.0 - arm64
Compiling the C compiler identification source file "CMakeCCompilerId.c" succeeded.
Compiler: /opt/homebrew/bin/arm-none-eabi-gcc 
Build flags: ;-mcpu=cortex-m0plus;-mthumb
Id flags: -c 

The output was:
0


Compilation of the C compiler identification source "CMakeCCompilerId.c" produced "CMakeCCompilerId.o"

The C compiler identification is GNU, found in "/Users/tleavitt/pico/projects/picoSignals/build/CMakeFiles/3.24.3/CompilerIdC/CMakeCCompilerId.o"

Compiling the CXX compiler identification source file "CMakeCXXCompilerId.cpp" succeeded.
Compiler: /opt/homebrew/bin/arm-none-eabi-g++ 
Build flags: ;-mcpu=cortex-m0plus;-mthumb
Id flags: -c 

The output was:
0


Compilation of the CXX compiler identification source "CMakeCXXCompilerId.cpp" produced "CMakeCXXCompilerId.o"

The CXX compiler identification is GNU, found in "/Users/tleavitt/pico/projects/picoSignals/build/CMakeFiles/3.24.3/CompilerIdCXX/CMakeCXXCompilerId.o"

Detecting C compiler ABI info compiled with the following output:
Change Dir: /Users/tleavitt/pico/projects/picoSignals/build/CMakeFiles/CMakeTmp

Run Build Command(s):/usr/bin/make -f Makefile cmTC_55463/fast && /Library/Developer/CommandLineTools/usr/bin/make  -f CMakeFiles/cmTC_55463.dir/build.make CMakeFiles/cmTC_55463.dir/build
Building C object CMakeFiles/cmTC_55463.dir/CMakeCCompilerABI.c.obj
/opt/homebrew/bin/arm-none-eabi-gcc   -mcpu=cortex-m0plus -mthumb    -v -o CMakeFiles/cmTC_55463.dir/CMakeCCompilerABI.c.obj -c /opt/homebrew/Cellar/cmake/3.24.3/share/cmake/Modules/CMakeCCompilerABI.c
Using built-in specs.
COLLECT_GCC=/opt/homebrew/bin/arm-none-eabi-gcc
Target: arm-none-eabi
Configured with: /tmp/jenkins-GCC-10-pipeline-259_20210727_1627345004/src/gcc/configure --target=arm-none-eabi --prefix=/tmp/jenkins-GCC-10-pipeline-259_20210727_1627345004/install-native --libexecdir=/tmp/jenkins-GCC-10-pipeline-259_20210727_1627345004/install-native/lib --infodir=/tmp/jenkins-GCC-10-pipeline-259_20210727_1627345004/install-native/share/doc/gcc-arm-none-eabi/info --mandir=/tmp/jenkins-GCC-10-pipeline-259_20210727_1627345004/install-native/share/doc/gcc-arm-none-eabi/man --htmldir=/tmp/jenkins-GCC-10-pipeline-259_20210727_1627345004/install-native/share/doc/gcc-arm-none-eabi/html --pdfdir=/tmp/jenkins-GCC-10-pipeline-259_20210727_1627345004/install-native/share/doc/gcc-arm-none-eabi/pdf --enable-languages=c,c++ --enable-plugins --disable-decimal-float --disable-libffi --disable-libgomp --disable-libmudflap --disable-libquadmath --disable-libssp --disable-libstdcxx-pch --disable-nls --disable-shared --disable-threads --disable-tls --with-gnu-as --with-gnu-ld --with-newlib --with-headers=yes --with-python-dir=share/gcc-arm-none-eabi --with-sysroot=/tmp/jenkins-GCC-10-pipeline-259_20210727_1627345004/install-native/arm-none-eabi --build=x86_64-apple-darwin10 --host=x86_64-apple-darwin10 --with-gmp=/tmp/jenkins-GCC-10-pipeline-259_20210727_1627345004/build-native/host-libs/usr --with-mpfr=/tmp/jenkins-GCC-10-pipeline-259_20210727_1627345004/build-native/host-libs/usr --with-mpc=/tmp/jenkins-GCC-10-pipeline-259_20210727_1627345004/build-native/host-libs/usr --with-isl=/tmp/jenkins-GCC-10-pipeline-259_20210727_1627345004/build-native/host-libs/usr --with-libelf=/tmp/jenkins-GCC-10-pipeline-259_20210727_1627345004/build-native/host-libs/usr --with-host-libstdcxx='-static-libgcc -Wl,-lstdc++ -lm' --with-pkgversion='GNU Arm Embedded Toolchain 10.3-2021.07' --with-multilib-list=rmprofile,aprofile
Thread model: single
Supported LTO compression algorithms: zlib
gcc version 10.3.1 20210621 (release) (GNU Arm Embedded Toolchain 10.3-2021.07) 
COLLECT_GCC_OPTIONS='-mcpu=cortex-m0plus' '-mthumb' '-v' '-o' 'CMakeFiles/cmTC_55463.dir/CMakeCCompilerABI.c.obj' '-c' '-mfloat-abi=soft' '-mlibarch=armv6s-m' '-march=armv6s-m'
 /opt/homebrew/Cellar/arm-none-eabi-gcc/10.3-2021.07/gcc/bin/../lib/gcc/arm-none-eabi/10.3.1/cc1 -quiet -v -imultilib thumb/v6-m/nofp -iprefix /opt/homebrew/Cellar/arm-none-eabi-gcc/10.3-2021.07/gcc/bin/../lib/gcc/arm-none-eabi/10.3.1/ -isysroot /opt/homebrew/Cellar/arm-none-eabi-gcc/10.3-2021.07/gcc/bin/../arm-none-eabi -D__USES_INITFINI__ /opt/homebrew/Cellar/cmake/3.24.3/share/cmake/Modules/CMakeCCompilerABI.c -quiet -dumpbase CMakeCCompilerABI.c -mcpu=cortex-m0plus -mthumb -mfloat-abi=soft -mlibarch=armv6s-m -march=armv6s-m -auxbase-strip CMakeFiles/cmTC_55463.dir/CMakeCCompilerABI.c.obj -version -o /var/folders/93/m4nrst_97mb1prbp4w6clz240000gn/T//ccbgTI5Z.s
GNU C17 (GNU Arm Embedded Toolchain 10.3-2021.07) version 10.3.1 20210621 (release) (arm-none-eabi)
	compiled by GNU C version 4.2.1 Compatible Apple LLVM 11.0.0 (clang-1100.0.33.17), GMP version 6.1.0, MPFR version 3.1.4, MPC version 1.0.3, isl version isl-0.18-GMP

GGC heuristics: --param ggc-min-expand=100 --param ggc-min-heapsize=131072
ignoring duplicate directory "/opt/homebrew/Cellar/arm-none-eabi-gcc/10.3-2021.07/gcc/bin/../lib/gcc/../../lib/gcc/arm-none-eabi/10.3.1/include"
ignoring nonexistent directory "/opt/homebrew/Cellar/arm-none-eabi-gcc/10.3-2021.07/gcc/bin/../arm-none-eabi/usr/local/include"
ignoring duplicate directory "/opt/homebrew/Cellar/arm-none-eabi-gcc/10.3-2021.07/gcc/bin/../lib/gcc/../../lib/gcc/arm-none-eabi/10.3.1/include-fixed"
ignoring duplicate directory "/opt/homebrew/Cellar/arm-none-eabi-gcc/10.3-2021.07/gcc/bin/../lib/gcc/../../lib/gcc/arm-none-eabi/10.3.1/../../../../arm-none-eabi/include"
ignoring nonexistent directory "/opt/homebrew/Cellar/arm-none-eabi-gcc/10.3-2021.07/gcc/bin/../arm-none-eabi/usr/include"
#include "..." search starts here:
#include <...> search starts here:
 /opt/homebrew/Cellar/arm-none-eabi-gcc/10.3-2021.07/gcc/bin/../lib/gcc/arm-none-eabi/10.3.1/include
 /opt/homebrew/Cellar/arm-none-eabi-gcc/10.3-2021.07/gcc/bin/../lib/gcc/arm-none-eabi/10.3.1/include-fixed
 /opt/homebrew/Cellar/arm-none-eabi-gcc/10.3-2021.07/gcc/bin/../lib/gcc/arm-none-eabi/10.3.1/../../../../arm-none-eabi/include
End of search list.
GNU C17 (GNU Arm Embedded Toolchain 10.3-2021.07) version 10.3.1 20210621 (release) (arm-none-eabi)
	compiled by GNU C version 4.2.1 Compatible Apple LLVM 11.0.0 (clang-1100.0.33.17), GMP version 6.1.0, MPFR version 3.1.4, MPC version 1.0.3, isl version isl-0.18-GMP

GGC heuristics: --param ggc-min-expand=100 --param ggc-min-heapsize=131072
Compiler executable checksum: d91dc699e451f0517ab8d6ba716870d2
COLLECT_GCC_OPTIONS='-mcpu=cortex-m0plus' '-mthumb' '-v' '-o' 'CMakeFiles/cmTC_55463.dir/CMakeCCompilerABI.c.obj' '-c' '-mfloat-abi=soft' '-mlibarch=armv6s-m' '-march=armv6s-m'
 /opt/homebrew/Cellar/arm-none-eabi-gcc/10.3-2021.07/gcc/bin/../lib/gcc/arm-none-eabi/10.3.1/../../../../arm-none-eabi/bin/as -v -march=armv6s-m -mfloat-abi=soft -meabi=5 -o CMakeFiles/cmTC_55463.dir/CMakeCCompilerABI.c.obj /var/folders/93/m4nrst_97mb1prbp4w6clz240000gn/T//ccbgTI5Z.s
GNU assembler version 2.36.1 (arm-none-eabi) using BFD version (GNU Arm Embedded Toolchain 10.3-2021.07) 2.36.1.20210621
COMPILER_PATH=/opt/homebrew/Cellar/arm-none-eabi-gcc/10.3-2021.07/gcc/bin/../lib/gcc/arm-none-eabi/10.3.1/:/opt/homebrew/Cellar/arm-none-eabi-gcc/10.3-2021.07/gcc/bin/../lib/gcc/:/opt/homebrew/Cellar/arm-none-eabi-gcc/10.3-2021.07/gcc/bin/../lib/gcc/arm-none-eabi/10.3.1/../../../../arm-none-eabi/bin/
LIBRARY_PATH=/opt/homebrew/Cellar/arm-none-eabi-gcc/10.3-2021.07/gcc/bin/../lib/gcc/arm-none-eabi/10.3.1/thumb/v6-m/nofp/:/opt/homebrew/Cellar/arm-none-eabi-gcc/10.3-2021.07/gcc/bin/../lib/gcc/arm-none-eabi/10.3.1/../../../../arm-none-eabi/lib/thumb/v6-m/nofp/:/opt/homebrew/Cellar/arm-none-eabi-gcc/10.3-2021.07/gcc/bin/../arm-none-eabi/lib/thumb/v6-m/nofp/:/opt/homebrew/Cellar/arm-none-eabi-gcc/10.3-2021.07/gcc/bin/../lib/gcc/arm-none-eabi/10.3.1/:/opt/homebrew/Cellar/arm-none-eabi-gcc/10.3-2021.07/gcc/bin/../lib/gcc/:/opt/homebrew/Cellar/arm-none-eabi-gcc/10.3-2021.07/gcc/bin/../lib/gcc/arm-none-eabi/10.3.1/../../../../arm-none-eabi/lib/:/opt/homebrew/Cellar/arm-none-eabi-gcc/10.3-2021.07/gcc/bin/../arm-none-eabi/lib/
COLLECT_GCC_OPTIONS='-mcpu=cortex-m0plus' '-mthumb' '-v' '-o' 'CMakeFiles/cmTC_55463.dir/CMakeCCompilerABI.c.obj' '-c' '-mfloat-abi=soft' '-mlibarch=armv6s-m' '-march=armv6s-m'
Linking C executable cmTC_55463.elf
/opt/homebrew/Cellar/cmake/3.24.3/bin/cmake -E cmake_link_script CMakeFiles/cmTC_55463.dir/link.txt --verbose=1
/opt/homebrew/bin/arm-none-eabi-gcc -mcpu=cortex-m0plus -mthumb  -Wl,--build-id=none -nostdlib  -v CMakeFiles/cmTC_55463.dir/CMakeCCompilerABI.c.obj -o cmTC_55463.elf 
Using built-in specs.
COLLECT_GCC=/opt/homebrew/bin/arm-none-eabi-gcc
COLLECT_LTO_WRAPPER=/opt/homebrew/Cellar/arm-none-eabi-gcc/10.3-2021.07/gcc/bin/../lib/gcc/arm-none-eabi/10.3.1/lto-wrapper
Target: arm-none-eabi
Configured with: /tmp/jenkins-GCC-10-pipeline-259_20210727_1627345004/src/gcc/configure --target=arm-none-eabi --prefix=/tmp/jenkins-GCC-10-pipeline-259_20210727_1627345004/install-native --libexecdir=/tmp/jenkins-GCC-10-pipeline-259_20210727_1627345004/install-native/lib --infodir=/tmp/jenkins-GCC-10-pipeline-259_20210727_1627345004/install-native/share/doc/gcc-arm-none-eabi/info --mandir=/tmp/jenkins-GCC-10-pipeline-259_20210727_1627345004/install-native/share/doc/gcc-arm-none-eabi/man --htmldir=/tmp/jenkins-GCC-10-pipeline-259_20210727_1627345004/install-native/share/doc/gcc-arm-none-eabi/html --pdfdir=/tmp/jenkins-GCC-10-pipeline-259_20210727_1627345004/install-native/share/doc/gcc-arm-none-eabi/pdf --enable-languages=c,c++ --enable-plugins --disable-decimal-float --disable-libffi --disable-libgomp --disable-libmudflap --disable-libquadmath --disable-libssp --disable-libstdcxx-pch --disable-nls --disable-shared --disable-threads --disable-tls --with-gnu-as --with-gnu-ld --with-newlib --with-headers=yes --with-python-dir=share/gcc-arm-none-eabi --with-sysroot=/tmp/jenkins-GCC-10-pipeline-259_20210727_1627345004/install-native/arm-none-eabi --build=x86_64-apple-darwin10 --host=x86_64-apple-darwin10 --with-gmp=/tmp/jenkins-GCC-10-pipeline-259_20210727_1627345004/build-native/host-libs/usr --with-mpfr=/tmp/jenkins-GCC-10-pipeline-259_20210727_1627345004/build-native/host-libs/usr --with-mpc=/tmp/jenkins-GCC-10-pipeline-259_20210727_1627345004/build-native/host-libs/usr --with-isl=/tmp/jenkins-GCC-10-pipeline-259_20210727_1627345004/build-native/host-libs/usr --with-libelf=/tmp/jenkins-GCC-10-pipeline-259_20210727_1627345004/build-native/host-libs/usr --with-host-libstdcxx='-static-libgcc -Wl,-lstdc++ -lm' --with-pkgversion='GNU Arm Embedded Toolchain 10.3-2021.07' --with-multilib-list=rmprofile,aprofile
Thread model: single
Supported LTO compression algorithms: zlib
gcc version 10.3.1 20210621 (release) (GNU Arm Embedded Toolchain 10.3-2021.07) 
COMPILER_PATH=/opt/homebrew/Cellar/arm-none-eabi-gcc/10.3-2021.07/gcc/bin/../lib/gcc/arm-none-eabi/10.3.1/:/opt/homebrew/Cellar/arm-none-eabi-gcc/10.3-2021.07/gcc/bin/../lib/gcc/:/opt/homebrew/Cellar/arm-none-eabi-gcc/10.3-2021.07/gcc/bin/../lib/gcc/arm-none-eabi/10.3.1/../../../../arm-none-eabi/bin/
LIBRARY_PATH=/opt/homebrew/Cellar/arm-none-eabi-gcc/10.3-2021.07/gcc/bin/../lib/gcc/arm-none-eabi/10.3.1/thumb/v6-m/nofp/:/opt/homebrew/Cellar/arm-none-eabi-gcc/10.3-2021.07/gcc/bin/../lib/gcc/arm-none-eabi/10.3.1/../../../../arm-none-eabi/lib/thumb/v6-m/nofp/:/opt/homebrew/Cellar/arm-none-eabi-gcc/10.3-2021.07/gcc/bin/../arm-none-eabi/lib/thumb/v6-m/nofp/:/opt/homebrew/Cellar/arm-none-eabi-gcc/10.3-2021.07/gcc/bin/../lib/gcc/arm-none-eabi/10.3.1/:/opt/homebrew/Cellar/arm-none-eabi-gcc/10.3-2021.07/gcc/bin/../lib/gcc/:/opt/homebrew/Cellar/arm-none-eabi-gcc/10.3-2021.07/gcc/bin/../lib/gcc/arm-none-eabi/10.3.1/../../../../arm-none-eabi/lib/:/opt/homebrew/Cellar/arm-none-eabi-gcc/10.3-2021.07/gcc/bin/../arm-none-eabi/lib/
COLLECT_GCC_OPTIONS='-mcpu=cortex-m0plus' '-mthumb' '-nostdlib' '-v' '-o' 'cmTC_55463.elf' '-mfloat-abi=soft' '-mlibarch=armv6s-m' '-march=armv6s-m'
 /opt/homebrew/Cellar/arm-none-eabi-gcc/10.3-2021.07/gcc/bin/../lib/gcc/arm-none-eabi/10.3.1/collect2 -plugin /opt/homebrew/Cellar/arm-none-eabi-gcc/10.3-2021.07/gcc/bin/../lib/gcc/arm-none-eabi/10.3.1/liblto_plugin.so -plugin-opt=/opt/homebrew/Cellar/arm-none-eabi-gcc/10.3-2021.07/gcc/bin/../lib/gcc/arm-none-eabi/10.3.1/lto-wrapper -plugin-opt=-fresolution=/var/folders/93/m4nrst_97mb1prbp4w6clz240000gn/T//ccaxNDel.res --sysroot=/opt/homebrew/Cellar/arm-none-eabi-gcc/10.3-2021.07/gcc/bin/../arm-none-eabi -X -o cmTC_55463.elf -L/opt/homebrew/Cellar/arm-none-eabi-gcc/10.3-2021.07/gcc/bin/../lib/gcc/arm-none-eabi/10.3.1/thumb/v6-m/nofp -L/opt/homebrew/Cellar/arm-none-eabi-gcc/10.3-2021.07/gcc/bin/../lib/gcc/arm-none-eabi/10.3.1/../../../../arm-none-eabi/lib/thumb/v6-m/nofp -L/opt/homebrew/Cellar/arm-none-eabi-gcc/10.3-2021.07/gcc/bin/../arm-none-eabi/lib/thumb/v6-m/nofp -L/opt/homebrew/Cellar/arm-none-eabi-gcc/10.3-2021.07/gcc/bin/../lib/gcc/arm-none-eabi/10.3.1 -L/opt/homebrew/Cellar/arm-none-eabi-gcc/10.3-2021.07/gcc/bin/../lib/gcc -L/opt/homebrew/Cellar/arm-none-eabi-gcc/10.3-2021.07/gcc/bin/../lib/gcc/arm-none-eabi/10.3.1/../../../../arm-none-eabi/lib -L/opt/homebrew/Cellar/arm-none-eabi-gcc/10.3-2021.07/gcc/bin/../arm-none-eabi/lib --build-id=none CMakeFiles/cmTC_55463.dir/CMakeCCompilerABI.c.obj
/opt/homebrew/Cellar/arm-none-eabi-gcc/10.3-2021.07/gcc/bin/../lib/gcc/arm-none-eabi/10.3.1/../../../../arm-none-eabi/bin/ld: warning: cannot find entry symbol _start; defaulting to 0000000000008000
COLLECT_GCC_OPTIONS='-mcpu=cortex-m0plus' '-mthumb' '-nostdlib' '-v' '-o' 'cmTC_55463.elf' '-mfloat-abi=soft' '-mlibarch=armv6s-m' '-march=armv6s-m'



Parsed C implicit include dir info from above output: rv=done
  found start of include info
  found start of implicit include info
    add: [/opt/homebrew/Cellar/arm-none-eabi-gcc/10.3-2021.07/gcc/bin/../lib/gcc/arm-none-eabi/10.3.1/include]
    add: [/opt/homebrew/Cellar/arm-none-eabi-gcc/10.3-2021.07/gcc/bin/../lib/gcc/arm-none-eabi/10.3.1/include-fixed]
    add: [/opt/homebrew/Cellar/arm-none-eabi-gcc/10.3-2021.07/gcc/bin/../lib/gcc/arm-none-eabi/10.3.1/../../../../arm-none-eabi/include]
  end of search list found
  collapse include dir [/opt/homebrew/Cellar/arm-none-eabi-gcc/10.3-2021.07/gcc/bin/../lib/gcc/arm-none-eabi/10.3.1/include] ==> [/opt/homebrew/Cellar/arm-none-eabi-gcc/10.3-2021.07/gcc/lib/gcc/arm-none-eabi/10.3.1/include]
  collapse include dir [/opt/homebrew/Cellar/arm-none-eabi-gcc/10.3-2021.07/gcc/bin/../lib/gcc/arm-none-eabi/10.3.1/include-fixed] ==> [/opt/homebrew/Cellar/arm-none-eabi-gcc/10.3-2021.07/gcc/lib/gcc/arm-none-eabi/10.3.1/include-fixed]
  collapse include dir [/opt/homebrew/Cellar/arm-none-eabi-gcc/10.3-2021.07/gcc/bin/../lib/gcc/arm-none-eabi/10.3.1/../../../../arm-none-eabi/include] ==> [/opt/homebrew/Cellar/arm-none-eabi-gcc/10.3-2021.07/gcc/arm-none-eabi/include]
  implicit include dirs: [/opt/homebrew/Cellar/arm-none-eabi-gcc/10.3-2021.07/gcc/lib/gcc/arm-none-eabi/10.3.1/include;/opt/homebrew/Cellar/arm-none-eabi-gcc/10.3-2021.07/gcc/lib/gcc/arm-none-eabi/10.3.1/include-fixed;/opt/homebrew/Cellar/arm-none-eabi-gcc/10.3-2021.07/gcc/arm-none-eabi/include]


Parsed C implicit link information from above output:
  link line regex: [^( *|.*[/\])(arm-none-eabi-ld|CMAKE_LINK_STARTFILE-NOTFOUND|([^/\]+-)?ld|collect2)[^/\]*( |$)]
  ignore line: [Change Dir: /Users/tleavitt/pico/projects/picoSignals/build/CMakeFiles/CMakeTmp]
  ignore line: []
  ignore line: [Run Build Command(s):/usr/bin/make -f Makefile cmTC_55463/fast && /Library/Developer/CommandLineTools/usr/bin/make  -f CMakeFiles/cmTC_55463.dir/build.make CMakeFiles/cmTC_55463.dir/build]
  ignore line: [Building C object CMakeFiles/cmTC_55463.dir/CMakeCCompilerABI.c.obj]
  ignore line: [/opt/homebrew/bin/arm-none-eabi-gcc   -mcpu=cortex-m0plus -mthumb    -v -o CMakeFiles/cmTC_55463.dir/CMakeCCompilerABI.c.obj -c /opt/homebrew/Cellar/cmake/3.24.3/share/cmake/Modules/CMakeCCompilerABI.c]
  ignore line: [Using built-in specs.]
  ignore line: [COLLECT_GCC=/opt/homebrew/bin/arm-none-eabi-gcc]
  ignore line: [Target: arm-none-eabi]
  ignore line: [Configured with: /tmp/jenkins-GCC-10-pipeline-259_20210727_1627345004/src/gcc/configure --target=arm-none-eabi --prefix=/tmp/jenkins-GCC-10-pipeline-259_20210727_1627345004/install-native --libexecdir=/tmp/jenkins-GCC-10-pipeline-259_20210727_1627345004/install-native/lib --infodir=/tmp/jenkins-GCC-10-pipeline-259_20210727_1627345004/install-native/share/doc/gcc-arm-none-eabi/info --mandir=/tmp/jenkins-GCC-10-pipeline-259_20210727_1627345004/install-native/share/doc/gcc-arm-none-eabi/man --htmldir=/tmp/jenkins-GCC-10-pipeline-259_20210727_1627345004/install-native/share/doc/gcc-arm-none-eabi/html --pdfdir=/tmp/jenkins-GCC-10-pipeline-259_20210727_1627345004/install-native/share/doc/gcc-arm-none-eabi/pdf --enable-languages=c,c++ --enable-plugins --disable-decimal-float --disable-libffi --disable-libgomp --disable-libmudflap --disable-libquadmath --disable-libssp --disable-libstdcxx-pch --disable-nls --disable-shared --disable-threads --disable-tls --with-gnu-as --with-gnu-ld --with-newlib --with-headers=yes --with-python-dir=share/gcc-arm-none-eabi --with-sysroot=/tmp/jenkins-GCC-10-pipeline-259_20210727_1627345004/install-native/arm-none-eabi --build=x86_64-apple-darwin10 --host=x86_64-apple-darwin10 --with-gmp=/tmp/jenkins-GCC-10-pipeline-259_20210727_1627345004/build-native/host-libs/usr --with-mpfr=/tmp/jenkins-GCC-10-pipeline-259_20210727_1627345004/build-native/host-libs/usr --with-mpc=/tmp/jenkins-GCC-10-pipeline-259_20210727_1627345004/build-native/host-libs/usr --with-isl=/tmp/jenkins-GCC-10-pipeline-259_20210727_1627345004/build-native/host-libs/usr --with-libelf=/tmp/jenkins-GCC-10-pipeline-259_20210727_1627345004/build-native/host-libs/usr --with-host-libstdcxx='-static-libgcc -Wl,-lstdc++ -lm' --with-pkgversion='GNU Arm Embedded Toolchain 10.3-2021.07' --with-multilib-list=rmprofile,aprofile]
  ignore line: [Thread model: single]
  ignore line: [Supported LTO compression algorithms: zlib]
  ignore line: [gcc version 10.3.1 20210621 (release) (GNU Arm Embedded Toolchain 10.3-2021.07) ]
  ignore line: [COLLECT_GCC_OPTIONS='-mcpu=cortex-m0plus' '-mthumb' '-v' '-o' 'CMakeFiles/cmTC_55463.dir/CMakeCCompilerABI.c.obj' '-c' '-mfloat-abi=soft' '-mlibarch=armv6s-m' '-march=armv6s-m']
  ignore line: [ /opt/homebrew/Cellar/arm-none-eabi-gcc/10.3-2021.07/gcc/bin/../lib/gcc/arm-none-eabi/10.3.1/cc1 -quiet -v -imultilib thumb/v6-m/nofp -iprefix /opt/homebrew/Cellar/arm-none-eabi-gcc/10.3-2021.07/gcc/bin/../lib/gcc/arm-none-eabi/10.3.1/ -isysroot /opt/homebrew/Cellar/arm-none-eabi-gcc/10.3-2021.07/gcc/bin/../arm-none-eabi -D__USES_INITFINI__ /opt/homebrew/Cellar/cmake/3.24.3/share/cmake/Modules/CMakeCCompilerABI.c -quiet -dumpbase CMakeCCompilerABI.c -mcpu=cortex-m0plus -mthumb -mfloat-abi=soft -mlibarch=armv6s-m -march=armv6s-m -auxbase-strip CMakeFiles/cmTC_55463.dir/CMakeCCompilerABI.c.obj -version -o /var/folders/93/m4nrst_97mb1prbp4w6clz240000gn/T//ccbgTI5Z.s]
  ignore line: [GNU C17 (GNU Arm Embedded Toolchain 10.3-2021.07) version 10.3.1 20210621 (release) (arm-none-eabi)]
  ignore line: [	compiled by GNU C version 4.2.1 Compatible Apple LLVM 11.0.0 (clang-1100.0.33.17)  GMP version 6.1.0  MPFR version 3.1.4  MPC version 1.0.3  isl version isl-0.18-GMP]
  ignore line: []
  ignore line: [GGC heuristics: --param ggc-min-expand=100 --param ggc-min-heapsize=131072]
  ignore line: [ignoring duplicate directory "/opt/homebrew/Cellar/arm-none-eabi-gcc/10.3-2021.07/gcc/bin/../lib/gcc/../../lib/gcc/arm-none-eabi/10.3.1/include"]
  ignore line: [ignoring nonexistent directory "/opt/homebrew/Cellar/arm-none-eabi-gcc/10.3-2021.07/gcc/bin/../arm-none-eabi/usr/local/include"]
  ignore line: [ignoring duplicate directory "/opt/homebrew/Cellar/arm-none-eabi-gcc/10.3-2021.07/gcc/bin/../lib/gcc/../../lib/gcc/arm-none-eabi/10.3.1/include-fixed"]
  ignore line: [ignoring duplicate directory "/opt/homebrew/Cellar/arm-none-eabi-gcc/10.3-2021.07/gcc/bin/../lib/gcc/../../lib/gcc/arm-none-eabi/10.3.1/../../../../arm-none-eabi/include"]
  ignore line: [ignoring nonexistent directory "/opt/homebrew/Cellar/arm-none-eabi-gcc/10.3-2021.07/gcc/bin/../arm-none-eabi/usr/include"]
  ignore line: [#include "..." search starts here:]
  ignore line: [#include <...> search starts here:]
  ignore line: [ /opt/homebrew/Cellar/arm-none-eabi-gcc/10.3-2021.07/gcc/bin/../lib/gcc/arm-none-eabi/10.3.1/include]
  ignore line: [ /opt/homebrew/Cellar/arm-none-eabi-gcc/10.3-2021.07/gcc/bin/../lib/gcc/arm-none-eabi/10.3.1/include-fixed]
  ignore line: [ /opt/homebrew/Cellar/arm-none-eabi-gcc/10.3-2021.07/gcc/bin/../lib/gcc/arm-none-eabi/10.3.1/../../../../arm-none-eabi/include]
  ignore line: [End of search list.]
  ignore line: [GNU C17 (GNU Arm Embedded Toolchain 10.3-2021.07) version 10.3.1 20210621 (release) (arm-none-eabi)]
  ignore line: [	compiled by GNU C version 4.2.1 Compatible Apple LLVM 11.0.0 (clang-1100.0.33.17)  GMP version 6.1.0  MPFR version 3.1.4  MPC version 1.0.3  isl version isl-0.18-GMP]
  ignore line: []
  ignore line: [GGC heuristics: --param ggc-min-expand=100 --param ggc-min-heapsize=131072]
  ignore line: [Compiler executable checksum: d91dc699e451f0517ab8d6ba716870d2]
  ignore line: [COLLECT_GCC_OPTIONS='-mcpu=cortex-m0plus' '-mthumb' '-v' '-o' 'CMakeFiles/cmTC_55463.dir/CMakeCCompilerABI.c.obj' '-c' '-mfloat-abi=soft' '-mlibarch=armv6s-m' '-march=armv6s-m']
  ignore line: [ /opt/homebrew/Cellar/arm-none-eabi-gcc/10.3-2021.07/gcc/bin/../lib/gcc/arm-none-eabi/10.3.1/../../../../arm-none-eabi/bin/as -v -march=armv6s-m -mfloat-abi=soft -meabi=5 -o CMakeFiles/cmTC_55463.dir/CMakeCCompilerABI.c.obj /var/folders/93/m4nrst_97mb1prbp4w6clz240000gn/T//ccbgTI5Z.s]
  ignore line: [GNU assembler version 2.36.1 (arm-none-eabi) using BFD version (GNU Arm Embedded Toolchain 10.3-2021.07) 2.36.1.20210621]
  ignore line: [COMPILER_PATH=/opt/homebrew/Cellar/arm-none-eabi-gcc/10.3-2021.07/gcc/bin/../lib/gcc/arm-none-eabi/10.3.1/:/opt/homebrew/Cellar/arm-none-eabi-gcc/10.3-2021.07/gcc/bin/../lib/gcc/:/opt/homebrew/Cellar/arm-none-eabi-gcc/10.3-2021.07/gcc/bin/../lib/gcc/arm-none-eabi/10.3.1/../../../../arm-none-eabi/bin/]
  ignore line: [LIBRARY_PATH=/opt/homebrew/Cellar/arm-none-eabi-gcc/10.3-2021.07/gcc/bin/../lib/gcc/arm-none-eabi/10.3.1/thumb/v6-m/nofp/:/opt/homebrew/Cellar/arm-none-eabi-gcc/10.3-2021.07/gcc/bin/../lib/gcc/arm-none-eabi/10.3.1/../../../../arm-none-eabi/lib/thumb/v6-m/nofp/:/opt/homebrew/Cellar/arm-none-eabi-gcc/10.3-2021.07/gcc/bin/../arm-none-eabi/lib/thumb/v6-m/nofp/:/opt/homebrew/Cellar/arm-none-eabi-gcc/10.3-2021.07/gcc/bin/../lib/gcc/arm-none-eabi/10.3.1/:/opt/homebrew/Cellar/arm-none-eabi-gcc/10.3-2021.07/gcc/bin/../lib/gcc/:/opt/homebrew/Cellar/arm-none-eabi-gcc/10.3-2021.07/gcc/bin/../lib/gcc/arm-none-eabi/10.3.1/../../../../arm-none-eabi/lib/:/opt/homebrew/Cellar/arm-none-eabi-gcc/10.3-2021.07/gcc/bin/../arm-none-eabi/lib/]
  ignore line: [COLLECT_GCC_OPTIONS='-mcpu=cortex-m0plus' '-mthumb' '-v' '-o' 'CMakeFiles/cmTC_55463.dir/CMakeCCompilerABI.c.obj' '-c' '-mfloat-abi=soft' '-mlibarch=armv6s-m' '-march=armv6s-m']
  ignore line: [Linking C executable cmTC_55463.elf]
  ignore line: [/opt/homebrew/Cellar/cmake/3.24.3/bin/cmake -E cmake_link_script CMakeFiles/cmTC_55463.dir/link.txt --verbose=1]
  ignore line: [/opt/homebrew/bin/arm-none-eabi-gcc -mcpu=cortex-m0plus -mthumb  -Wl --build-id=none -nostdlib  -v CMakeFiles/cmTC_55463.dir/CMakeCCompilerABI.c.obj -o cmTC_55463.elf ]
  ignore line: [Using built-in specs.]
  ignore line: [COLLECT_GCC=/opt/homebrew/bin/arm-none-eabi-gcc]
  ignore line: [COLLECT_LTO_WRAPPER=/opt/homebrew/Cellar/arm-none-eabi-gcc/10.3-2021.07/gcc/bin/../lib/gcc/arm-none-eabi/10.3.1/lto-wrapper]
  ignore line: [Target: arm-none-eabi]
  ignore line: [Configured with: /tmp/jenkins-GCC-10-pipeline-259_20210727_1627345004/src/gcc/configure --target=arm-none-eabi --prefix=/tmp/jenkins-GCC-10-pipeline-259_20210727_1627345004/install-native --libexecdir=/tmp/jenkins-GCC-10-pipeline-259_20210727_1627345004/install-native/lib --infodir=/tmp/jenkins-GCC-10-pipeline-259_20210727_1627345004/install-native/share/doc/gcc-arm-none-eabi/info --mandir=/tmp/jenkins-GCC-10-pipeline-259_20210727_1627345004/install-native/share/doc/gcc-arm-none-eabi/man --htmldir=/tmp/jenkins-GCC-10-pipeline-259_20210727_1627345004/install-native/share/doc/gcc-arm-none-eabi/html --pdfdir=/tmp/jenkins-GCC-10-pipeline-259_20210727_1627345004/install-native/share/doc/gcc-arm-none-eabi/pdf --enable-languages=c,c++ --enable-plugins --disable-decimal-float --disable-libffi --disable-libgomp --disable-libmudflap --disable-libquadmath --disable-libssp --disable-libstdcxx-pch --disable-nls --disable-shared --disable-threads --disable-tls --with-gnu-as --with-gnu-ld --with-newlib --with-headers=yes --with-python-dir=share/gcc-arm-none-eabi --with-sysroot=/tmp/jenkins-GCC-10-pipeline-259_20210727_1627345004/install-native/arm-none-eabi --build=x86_64-apple-darwin10 --host=x86_64-apple-darwin10 --with-gmp=/tmp/jenkins-GCC-10-pipeline-259_20210727_1627345004/build-native/host-libs/usr --with-mpfr=/tmp/jenkins-GCC-10-pipeline-259_20210727_1627345004/build-native/host-libs/usr --with-mpc=/tmp/jenkins-GCC-10-pipeline-259_20210727_1627345004/build-native/host-libs/usr --with-isl=/tmp/jenkins-GCC-10-pipeline-259_20210727_1627345004/build-native/host-libs/usr --with-libelf=/tmp/jenkins-GCC-10-pipeline-259_20210727_1627345004/build-native/host-libs/usr --with-host-libstdcxx='-static-libgcc -Wl,-lstdc++ -lm' --with-pkgversion='GNU Arm Embedded Toolchain 10.3-2021.07' --with-multilib-list=rmprofile,aprofile]
  ignore line: [Thread model: single]
  ignore line: [Supported LTO compression algorithms: zlib]
  ignore line: [gcc version 10.3.1 20210621 (release) (GNU Arm Embedded Toolchain 10.3-2021.07) ]
  ignore line: [COMPILER_PATH=/opt/homebrew/Cellar/arm-none-eabi-gcc/10.3-2021.07/gcc/bin/../lib/gcc/arm-none-eabi/10.3.1/:/opt/homebrew/Cellar/arm-none-eabi-gcc/10.3-2021.07/gcc/bin/../lib/gcc/:/opt/homebrew/Cellar/arm-none-eabi-gcc/10.3-2021.07/gcc/bin/../lib/gcc/arm-none-eabi/10.3.1/../../../../arm-none-eabi/bin/]
  ignore line: [LIBRARY_PATH=/opt/homebrew/Cellar/arm-none-eabi-gcc/10.3-2021.07/gcc/bin/../lib/gcc/arm-none-eabi/10.3.1/thumb/v6-m/nofp/:/opt/homebrew/Cellar/arm-none-eabi-gcc/10.3-2021.07/gcc/bin/../lib/gcc/arm-none-eabi/10.3.1/../../../../arm-none-eabi/lib/thumb/v6-m/nofp/:/opt/homebrew/Cellar/arm-none-eabi-gcc/10.3-2021.07/gcc/bin/../arm-none-eabi/lib/thumb/v6-m/nofp/:/opt/homebrew/Cellar/arm-none-eabi-gcc/10.3-2021.07/gcc/bin/../lib/gcc/arm-none-eabi/10.3.1/:/opt/homebrew/Cellar/arm-none-eabi-gcc/10.3-2021.07/gcc/bin/../lib/gcc/:/opt/homebrew/Cellar/arm-none-eabi-gcc/10.3-2021.07/gcc/bin/../lib/gcc/arm-none-eabi/10.3.1/../../../../arm-none-eabi/lib/:/opt/homebrew/Cellar/arm-none-eabi-gcc/10.3-2021.07/gcc/bin/../arm-none-eabi/lib/]
  ignore line: [COLLECT_GCC_OPTIONS='-mcpu=cortex-m0plus' '-mthumb' '-nostdlib' '-v' '-o' 'cmTC_55463.elf' '-mfloat-abi=soft' '-mlibarch=armv6s-m' '-march=armv6s-m']
  link line: [ /opt/homebrew/Cellar/arm-none-eabi-gcc/10.3-2021.07/gcc/bin/../lib/gcc/arm-none-eabi/10.3.1/collect2 -plugin /opt/homebrew/Cellar/arm-none-eabi-gcc/10.3-2021.07/gcc/bin/../lib/gcc/arm-none-eabi/10.3.1/liblto_plugin.so -plugin-opt=/opt/homebrew/Cellar/arm-none-eabi-gcc/10.3-2021.07/gcc/bin/../lib/gcc/arm-none-eabi/10.3.1/lto-wrapper -plugin-opt=-fresolution=/var/folders/93/m4nrst_97mb1prbp4w6clz240000gn/T//ccaxNDel.res --sysroot=/opt/homebrew/Cellar/arm-none-eabi-gcc/10.3-2021.07/gcc/bin/../arm-none-eabi -X -o cmTC_55463.elf -L/opt/homebrew/Cellar/arm-none-eabi-gcc/10.3-2021.07/gcc/bin/../lib/gcc/arm-none-eabi/10.3.1/thumb/v6-m/nofp -L/opt/homebrew/Cellar/arm-none-eabi-gcc/10.3-2021.07/gcc/bin/../lib/gcc/arm-none-eabi/10.3.1/../../../../arm-none-eabi/lib/thumb/v6-m/nofp -L/opt/homebrew/Cellar/arm-none-eabi-gcc/10.3-2021.07/gcc/bin/../arm-none-eabi/lib/thumb/v6-m/nofp -L/opt/homebrew/Cellar/arm-none-eabi-gcc/10.3-2021.07/gcc/bin/../lib/gcc/arm-none-eabi/10.3.1 -L/opt/homebrew/Cellar/arm-none-eabi-gcc/10.3-2021.07/gcc/bin/../lib/gcc -L/opt/homebrew/Cellar/arm-none-eabi-gcc/10.3-2021.07/gcc/bin/../lib/gcc/arm-none-eabi/10.3.1/../../../../arm-none-eabi/lib -L/opt/homebrew/Cellar/arm-none-eabi-gcc/10.3-2021.07/gcc/bin/../arm-none-eabi/lib --build-id=none CMakeFiles/cmTC_55463.dir/CMakeCCompilerABI.c.obj]
    arg [/opt/homebrew/Cellar/arm-none-eabi-gcc/10.3-2021.07/gcc/bin/../lib/gcc/arm-none-eabi/10.3.1/collect2] ==> ignore
    arg [-plugin] ==> ignore
    arg [/opt/homebrew/Cellar/arm-none-eabi-gcc/10.3-2021.07/gcc/bin/../lib/gcc/arm-none-eabi/10.3.1/liblto_plugin.so] ==> ignore
    arg [-plugin-opt=/opt/homebrew/Cellar/arm-none-eabi-gcc/10.3-2021.07/gcc/bin/../lib/gcc/arm-none-eabi/10.3.1/lto-wrapper] ==> ignore
    arg [-plugin-opt=-fresolution=/var/folders/93/m4nrst_97mb1prbp4w6clz240000gn/T//ccaxNDel.res] ==> ignore
    arg [--sysroot=/opt/homebrew/Cellar/arm-none-eabi-gcc/10.3-2021.07/gcc/bin/../arm-none-eabi] ==> ignore
    arg [-X] ==> ignore
    arg [-o] ==> ignore
    arg [cmTC_55463.elf] ==> ignore
    arg [-L/opt/homebrew/Cellar/arm-none-eabi-gcc/10.3-2021.07/gcc/bin/../lib/gcc/arm-none-eabi/10.3.1/thumb/v6-m/nofp] ==> dir [/opt/homebrew/Cellar/arm-none-eabi-gcc/10.3-2021.07/gcc/bin/../lib/gcc/arm-none-eabi/10.3.1/thumb/v6-m/nofp]
    arg [-L/opt/homebrew/Cellar/arm-none-eabi-gcc/10.3-2021.07/gcc/bin/../lib/gcc/arm-none-eabi/10.3.1/../../../../arm-none-eabi/lib/thumb/v6-m/nofp] ==> dir [/opt/homebrew/Cellar/arm-none-eabi-gcc/10.3-2021.07/gcc/bin/../lib/gcc/arm-none-eabi/10.3.1/../../../../arm-none-eabi/lib/thumb/v6-m/nofp]
    arg [-L/opt/homebrew/Cellar/arm-none-eabi-gcc/10.3-2021.07/gcc/bin/../arm-none-eabi/lib/thumb/v6-m/nofp] ==> dir [/opt/homebrew/Cellar/arm-none-eabi-gcc/10.3-2021.07/gcc/bin/../arm-none-eabi/lib/thumb/v6-m/nofp]
    arg [-L/opt/homebrew/Cellar/arm-none-eabi-gcc/10.3-2021.07/gcc/bin/../lib/gcc/arm-none-eabi/10.3.1] ==> dir [/opt/homebrew/Cellar/arm-none-eabi-gcc/10.3-2021.07/gcc/bin/../lib/gcc/arm-none-eabi/10.3.1]
    arg [-L/opt/homebrew/Cellar/arm-none-eabi-gcc/10.3-2021.07/gcc/bin/../lib/gcc] ==> dir [/opt/homebrew/Cellar/arm-none-eabi-gcc/10.3-2021.07/gcc/bin/../lib/gcc]
    arg [-L/opt/homebrew/Cellar/arm-none-eabi-gcc/10.3-2021.07/gcc/bin/../lib/gcc/arm-none-eabi/10.3.1/../../../../arm-none-eabi/lib] ==> dir [/opt/homebrew/Cellar/arm-none-eabi-gcc/10.3-2021.07/gcc/bin/../lib/gcc/arm-none-eabi/10.3.1/../../../../arm-none-eabi/lib]
    arg [-L/opt/homebrew/Cellar/arm-none-eabi-gcc/10.3-2021.07/gcc/bin/../arm-none-eabi/lib] ==> dir [/opt/homebrew/Cellar/arm-none-eabi-gcc/10.3-2021.07/gcc/bin/../arm-none-eabi/lib]
    arg [--build-id=none] ==> ignore
    arg [CMakeFiles/cmTC_55463.dir/CMakeCCompilerABI.c.obj] ==> ignore
  collapse library dir [/opt/homebrew/Cellar/arm-none-eabi-gcc/10.3-2021.07/gcc/bin/../lib/gcc/arm-none-eabi/10.3.1/thumb/v6-m/nofp] ==> [/opt/homebrew/Cellar/arm-none-eabi-gcc/10.3-2021.07/gcc/lib/gcc/arm-none-eabi/10.3.1/thumb/v6-m/nofp]
  collapse library dir [/opt/homebrew/Cellar/arm-none-eabi-gcc/10.3-2021.07/gcc/bin/../lib/gcc/arm-none-eabi/10.3.1/../../../../arm-none-eabi/lib/thumb/v6-m/nofp] ==> [/opt/homebrew/Cellar/arm-none-eabi-gcc/10.3-2021.07/gcc/arm-none-eabi/lib/thumb/v6-m/nofp]
  collapse library dir [/opt/homebrew/Cellar/arm-none-eabi-gcc/10.3-2021.07/gcc/bin/../arm-none-eabi/lib/thumb/v6-m/nofp] ==> [/opt/homebrew/Cellar/arm-none-eabi-gcc/10.3-2021.07/gcc/arm-none-eabi/lib/thumb/v6-m/nofp]
  collapse library dir [/opt/homebrew/Cellar/arm-none-eabi-gcc/10.3-2021.07/gcc/bin/../lib/gcc/arm-none-eabi/10.3.1] ==> [/opt/homebrew/Cellar/arm-none-eabi-gcc/10.3-2021.07/gcc/lib/gcc/arm-none-eabi/10.3.1]
  collapse library dir [/opt/homebrew/Cellar/arm-none-eabi-gcc/10.3-2021.07/gcc/bin/../lib/gcc] ==> [/opt/homebrew/Cellar/arm-none-eabi-gcc/10.3-2021.07/gcc/lib/gcc]
  collapse library dir [/opt/homebrew/Cellar/arm-none-eabi-gcc/10.3-2021.07/gcc/bin/../lib/gcc/arm-none-eabi/10.3.1/../../../../arm-none-eabi/lib] ==> [/opt/homebrew/Cellar/arm-none-eabi-gcc/10.3-2021.07/gcc/arm-none-eabi/lib]
  collapse library dir [/opt/homebrew/Cellar/arm-none-eabi-gcc/10.3-2021.07/gcc/bin/../arm-none-eabi/lib] ==> [/opt/homebrew/Cellar/arm-none-eabi-gcc/10.3-2021.07/gcc/arm-none-eabi/lib]
  implicit libs: []
  implicit objs: []
  implicit dirs: [/opt/homebrew/Cellar/arm-none-eabi-gcc/10.3-2021.07/gcc/lib/gcc/arm-none-eabi/10.3.1/thumb/v6-m/nofp;/opt/homebrew/Cellar/arm-none-eabi-gcc/10.3-2021.07/gcc/arm-none-eabi/lib/thumb/v6-m/nofp;/opt/homebrew/Cellar/arm-none-eabi-gcc/10.3-2021.07/gcc/lib/gcc/arm-none-eabi/10.3.1;/opt/homebrew/Cellar/arm-none-eabi-gcc/10.3-2021.07/gcc/lib/gcc;/opt/homebrew/Cellar/arm-none-eabi-gcc/10.3-2021.07/gcc/arm-none-eabi/lib]
  implicit fwks: []


Detecting CXX compiler ABI info compiled with the following output:
Change Dir: /Users/tleavitt/pico/projects/picoSignals/build/CMakeFiles/CMakeTmp

Run Build Command(s):/usr/bin/make -f Makefile cmTC_97dc6/fast && /Library/Developer/CommandLineTools/usr/bin/make  -f CMakeFiles/cmTC_97dc6.dir/build.make CMakeFiles/cmTC_97dc6.dir/build
Building CXX object CMakeFiles/cmTC_97dc6.dir/CMakeCXXCompilerABI.cpp.obj
/opt/homebrew/bin/arm-none-eabi-g++   -mcpu=cortex-m0plus -mthumb    -v -o CMakeFiles/cmTC_97dc6.dir/CMakeCXXCompilerABI.cpp.obj -c /opt/homebrew/Cellar/cmake/3.24.3/share/cmake/Modules/CMakeCXXCompilerABI.cpp
Using built-in specs.
COLLECT_GCC=/opt/homebrew/bin/arm-none-eabi-g++
Target: arm-none-eabi
Configured with: /tmp/jenkins-GCC-10-pipeline-259_20210727_1627345004/src/gcc/configure --target=arm-none-eabi --prefix=/tmp/jenkins-GCC-10-pipeline-259_20210727_1627345004/install-native --libexecdir=/tmp/jenkins-GCC-10-pipeline-259_20210727_1627345004/install-native/lib --infodir=/tmp/jenkins-GCC-10-pipeline-259_20210727_1627345004/install-native/share/doc/gcc-arm-none-eabi/info --mandir=/tmp/jenkins-GCC-10-pipeline-259_20210727_1627345004/install-native/share/doc/gcc-arm-none-eabi/man --htmldir=/tmp/jenkins-GCC-10-pipeline-259_20210727_1627345004/install-native/share/doc/gcc-arm-none-eabi/html --pdfdir=/tmp/jenkins-GCC-10-pipeline-259_20210727_1627345004/install-native/share/doc/gcc-arm-none-eabi/pdf --enable-languages=c,c++ --enable-plugins --disable-decimal-float --disable-libffi --disable-libgomp --disable-libmudflap --disable-libquadmath --disable-libssp --disable-libstdcxx-pch --disable-nls --disable-shared --disable-threads --disable-tls --with-gnu-as --with-gnu-ld --with-newlib --with-headers=yes --with-python-dir=share/gcc-arm-none-eabi --with-sysroot=/tmp/jenkins-GCC-10-pipeline-259_20210727_1627345004/install-native/arm-none-eabi --build=x86_64-apple-darwin10 --host=x86_64-apple-darwin10 --with-gmp=/tmp/jenkins-GCC-10-pipeline-259_20210727_1627345004/build-native/host-libs/usr --with-mpfr=/tmp/jenkins-GCC-10-pipeline-259_20210727_1627345004/build-native/host-libs/usr --with-mpc=/tmp/jenkins-GCC-10-pipeline-259_20210727_1627345004/build-native/host-libs/usr --with-isl=/tmp/jenkins-GCC-10-pipeline-259_20210727_1627345004/build-native/host-libs/usr --with-libelf=/tmp/jenkins-GCC-10-pipeline-259_20210727_1627345004/build-native/host-libs/usr --with-host-libstdcxx='-static-libgcc -Wl,-lstdc++ -lm' --with-pkgversion='GNU Arm Embedded Toolchain 10.3-2021.07' --with-multilib-list=rmprofile,aprofile
Thread model: single
Supported LTO compression algorithms: zlib
gcc version 10.3.1 20210621 (release) (GNU Arm Embedded Toolchain 10.3-2021.07) 
COLLECT_GCC_OPTIONS='-mcpu=cortex-m0plus' '-mthumb' '-v' '-o' 'CMakeFiles/cmTC_97dc6.dir/CMakeCXXCompilerABI.cpp.obj' '-c' '-mfloat-abi=soft' '-mlibarch=armv6s-m' '-march=armv6s-m'
 /opt/homebrew/Cellar/arm-none-eabi-gcc/10.3-2021.07/gcc/bin/../lib/gcc/arm-none-eabi/10.3.1/cc1plus -quiet -v -imultilib thumb/v6-m/nofp -iprefix /opt/homebrew/Cellar/arm-none-eabi-gcc/10.3-2021.07/gcc/bin/../lib/gcc/arm-none-eabi/10.3.1/ -isysroot /opt/homebrew/Cellar/arm-none-eabi-gcc/10.3-2021.07/gcc/bin/../arm-none-eabi -D__USES_INITFINI__ /opt/homebrew/Cellar/cmake/3.24.3/share/cmake/Modules/CMakeCXXCompilerABI.cpp -quiet -dumpbase CMakeCXXCompilerABI.cpp -mcpu=cortex-m0plus -mthumb -mfloat-abi=soft -mlibarch=armv6s-m -march=armv6s-m -auxbase-strip CMakeFiles/cmTC_97dc6.dir/CMakeCXXCompilerABI.cpp.obj -version -o /var/folders/93/m4nrst_97mb1prbp4w6clz240000gn/T//ccIgiY0J.s
GNU C++14 (GNU Arm Embedded Toolchain 10.3-2021.07) version 10.3.1 20210621 (release) (arm-none-eabi)
	compiled by GNU C version 4.2.1 Compatible Apple LLVM 11.0.0 (clang-1100.0.33.17), GMP version 6.1.0, MPFR version 3.1.4, MPC version 1.0.3, isl version isl-0.18-GMP

GGC heuristics: --param ggc-min-expand=100 --param ggc-min-heapsize=131072
ignoring duplicate directory "/opt/homebrew/Cellar/arm-none-eabi-gcc/10.3-2021.07/gcc/bin/../lib/gcc/../../lib/gcc/arm-none-eabi/10.3.1/../../../../arm-none-eabi/include/c++/10.3.1"
ignoring duplicate directory "/opt/homebrew/Cellar/arm-none-eabi-gcc/10.3-2021.07/gcc/bin/../lib/gcc/../../lib/gcc/arm-none-eabi/10.3.1/../../../../arm-none-eabi/include/c++/10.3.1/arm-none-eabi/thumb/v6-m/nofp"
ignoring duplicate directory "/opt/homebrew/Cellar/arm-none-eabi-gcc/10.3-2021.07/gcc/bin/../lib/gcc/../../lib/gcc/arm-none-eabi/10.3.1/../../../../arm-none-eabi/include/c++/10.3.1/backward"
ignoring duplicate directory "/opt/homebrew/Cellar/arm-none-eabi-gcc/10.3-2021.07/gcc/bin/../lib/gcc/../../lib/gcc/arm-none-eabi/10.3.1/include"
ignoring nonexistent directory "/opt/homebrew/Cellar/arm-none-eabi-gcc/10.3-2021.07/gcc/bin/../arm-none-eabi/usr/local/include"
ignoring duplicate directory "/opt/homebrew/Cellar/arm-none-eabi-gcc/10.3-2021.07/gcc/bin/../lib/gcc/../../lib/gcc/arm-none-eabi/10.3.1/include-fixed"
ignoring duplicate directory "/opt/homebrew/Cellar/arm-none-eabi-gcc/10.3-2021.07/gcc/bin/../lib/gcc/../../lib/gcc/arm-none-eabi/10.3.1/../../../../arm-none-eabi/include"
ignoring nonexistent directory "/opt/homebrew/Cellar/arm-none-eabi-gcc/10.3-2021.07/gcc/bin/../arm-none-eabi/usr/include"
#include "..." search starts here:
#include <...> search starts here:
 /opt/homebrew/Cellar/arm-none-eabi-gcc/10.3-2021.07/gcc/bin/../lib/gcc/arm-none-eabi/10.3.1/../../../../arm-none-eabi/include/c++/10.3.1
 /opt/homebrew/Cellar/arm-none-eabi-gcc/10.3-2021.07/gcc/bin/../lib/gcc/arm-none-eabi/10.3.1/../../../../arm-none-eabi/include/c++/10.3.1/arm-none-eabi/thumb/v6-m/nofp
 /opt/homebrew/Cellar/arm-none-eabi-gcc/10.3-2021.07/gcc/bin/../lib/gcc/arm-none-eabi/10.3.1/../../../../arm-none-eabi/include/c++/10.3.1/backward
 /opt/homebrew/Cellar/arm-none-eabi-gcc/10.3-2021.07/gcc/bin/../lib/gcc/arm-none-eabi/10.3.1/include
 /opt/homebrew/Cellar/arm-none-eabi-gcc/10.3-2021.07/gcc/bin/../lib/gcc/arm-none-eabi/10.3.1/include-fixed
 /opt/homebrew/Cellar/arm-none-eabi-gcc/10.3-2021.07/gcc/bin/../lib/gcc/arm-none-eabi/10.3.1/../../../../arm-none-eabi/include
End of search list.
GNU C++14 (GNU Arm Embedded Toolchain 10.3-2021.07) version 10.3.1 20210621 (release) (arm-none-eabi)
	compiled by GNU C version 4.2.1 Compatible Apple LLVM 11.0.0 (clang-1100.0.33.17), GMP version 6.1.0, MPFR version 3.1.4, MPC version 1.0.3, isl version isl-0.18-GMP

GGC heuristics: --param ggc-min-expand=100 --param ggc-min-heapsize=131072
Compiler executable checksum: 70db48a4a4272d34069aa074d5721a63
COLLECT_GCC_OPTIONS='-mcpu=cortex-m0plus' '-mthumb' '-v' '-o' 'CMakeFiles/cmTC_97dc6.dir/CMakeCXXCompilerABI.cpp.obj' '-c' '-mfloat-abi=soft' '-mlibarch=armv6s-m' '-march=armv6s-m'
 /opt/homebrew/Cellar/arm-none-eabi-gcc/10.3-2021.07/gcc/bin/../lib/gcc/arm-none-eabi/10.3.1/../../../../arm-none-eabi/bin/as -v -march=armv6s-m -mfloat-abi=soft -meabi=5 -o CMakeFiles/cmTC_97dc6.dir/CMakeCXXCompilerABI.cpp.obj /var/folders/93/m4nrst_97mb1prbp4w6clz240000gn/T//ccIgiY0J.s
GNU assembler version 2.36.1 (arm-none-eabi) using BFD version (GNU Arm Embedded Toolchain 10.3-2021.07) 2.36.1.20210621
COMPILER_PATH=/opt/homebrew/Cellar/arm-none-eabi-gcc/10.3-2021.07/gcc/bin/../lib/gcc/arm-none-eabi/10.3.1/:/opt/homebrew/Cellar/arm-none-eabi-gcc/10.3-2021.07/gcc/bin/../lib/gcc/:/opt/homebrew/Cellar/arm-none-eabi-gcc/10.3-2021.07/gcc/bin/../lib/gcc/arm-none-eabi/10.3.1/../../../../arm-none-eabi/bin/
LIBRARY_PATH=/opt/homebrew/Cellar/arm-none-eabi-gcc/10.3-2021.07/gcc/bin/../lib/gcc/arm-none-eabi/10.3.1/thumb/v6-m/nofp/:/opt/homebrew/Cellar/arm-none-eabi-gcc/10.3-2021.07/gcc/bin/../lib/gcc/arm-none-eabi/10.3.1/../../../../arm-none-eabi/lib/thumb/v6-m/nofp/:/opt/homebrew/Cellar/arm-none-eabi-gcc/10.3-2021.07/gcc/bin/../arm-none-eabi/lib/thumb/v6-m/nofp/:/opt/homebrew/Cellar/arm-none-eabi-gcc/10.3-2021.07/gcc/bin/../lib/gcc/arm-none-eabi/10.3.1/:/opt/homebrew/Cellar/arm-none-eabi-gcc/10.3-2021.07/gcc/bin/../lib/gcc/:/opt/homebrew/Cellar/arm-none-eabi-gcc/10.3-2021.07/gcc/bin/../lib/gcc/arm-none-eabi/10.3.1/../../../../arm-none-eabi/lib/:/opt/homebrew/Cellar/arm-none-eabi-gcc/10.3-2021.07/gcc/bin/../arm-none-eabi/lib/
COLLECT_GCC_OPTIONS='-mcpu=cortex-m0plus' '-mthumb' '-v' '-o' 'CMakeFiles/cmTC_97dc6.dir/CMakeCXXCompilerABI.cpp.obj' '-c' '-mfloat-abi=soft' '-mlibarch=armv6s-m' '-march=armv6s-m'
Linking CXX executable cmTC_97dc6.elf
/opt/homebrew/Cellar/cmake/3.24.3/bin/cmake -E cmake_link_script CMakeFiles/cmTC_97dc6.dir/link.txt --verbose=1
/opt/homebrew/bin/arm-none-eabi-g++ -mcpu=cortex-m0plus -mthumb  -Wl,--build-id=none -nostdlib  -v CMakeFiles/cmTC_97dc6.dir/CMakeCXXCompilerABI.cpp.obj -o cmTC_97dc6.elf 
Using built-in specs.
COLLECT_GCC=/opt/homebrew/bin/arm-none-eabi-g++
COLLECT_LTO_WRAPPER=/opt/homebrew/Cellar/arm-none-eabi-gcc/10.3-2021.07/gcc/bin/../lib/gcc/arm-none-eabi/10.3.1/lto-wrapper
Target: arm-none-eabi
Configured with: /tmp/jenkins-GCC-10-pipeline-259_20210727_1627345004/src/gcc/configure --target=arm-none-eabi --prefix=/tmp/jenkins-GCC-10-pipeline-259_20210727_1627345004/install-native --libexecdir=/tmp/jenkins-GCC-10-pipeline-259_20210727_1627345004/install-native/lib --infodir=/tmp/jenkins-GCC-10-pipeline-259_20210727_1627345004/install-native/share/doc/gcc-arm-none-eabi/info --mandir=/tmp/jenkins-GCC-10-pipeline-259_20210727_1627345004/install-native/share/doc/gcc-arm-none-eabi/man --htmldir=/tmp/jenkins-GCC-10-pipeline-259_20210727_1627345004/install-native/share/doc/gcc-arm-none-eabi/html --pdfdir=/tmp/jenkins-GCC-10-pipeline-259_20210727_1627345004/install-native/share/doc/gcc-arm-none-eabi/pdf --enable-languages=c,c++ --enable-plugins --disable-decimal-float --disable-libffi --disable-libgomp --disable-libmudflap --disable-libquadmath --disable-libssp --disable-libstdcxx-pch --disable-nls --disable-shared --disable-threads --disable-tls --with-gnu-as --with-gnu-ld --with-newlib --with-headers=yes --with-python-dir=share/gcc-arm-none-eabi --with-sysroot=/tmp/jenkins-GCC-10-pipeline-259_20210727_1627345004/install-native/arm-none-eabi --build=x86_64-apple-darwin10 --host=x86_64-apple-darwin10 --with-gmp=/tmp/jenkins-GCC-10-pipeline-259_20210727_1627345004/build-native/host-libs/usr --with-mpfr=/tmp/jenkins-GCC-10-pipeline-259_20210727_1627345004/build-native/host-libs/usr --with-mpc=/tmp/jenkins-GCC-10-pipeline-259_20210727_1627345004/build-native/host-libs/usr --with-isl=/tmp/jenkins-GCC-10-pipeline-259_20210727_1627345004/build-native/host-libs/usr --with-libelf=/tmp/jenkins-GCC-10-pipeline-259_20210727_1627345004/build-native/host-libs/usr --with-host-libstdcxx='-static-libgcc -Wl,-lstdc++ -lm' --with-pkgversion='GNU Arm Embedded Toolchain 10.3-2021.07' --with-multilib-list=rmprofile,aprofile
Thread model: single
Supported LTO compression algorithms: zlib
gcc version 10.3.1 20210621 (release) (GNU Arm Embedded Toolchain 10.3-2021.07) 
COMPILER_PATH=/opt/homebrew/Cellar/arm-none-eabi-gcc/10.3-2021.07/gcc/bin/../lib/gcc/arm-none-eabi/10.3.1/:/opt/homebrew/Cellar/arm-none-eabi-gcc/10.3-2021.07/gcc/bin/../lib/gcc/:/opt/homebrew/Cellar/arm-none-eabi-gcc/10.3-2021.07/gcc/bin/../lib/gcc/arm-none-eabi/10.3.1/../../../../arm-none-eabi/bin/
LIBRARY_PATH=/opt/homebrew/Cellar/arm-none-eabi-gcc/10.3-2021.07/gcc/bin/../lib/gcc/arm-none-eabi/10.3.1/thumb/v6-m/nofp/:/opt/homebrew/Cellar/arm-none-eabi-gcc/10.3-2021.07/gcc/bin/../lib/gcc/arm-none-eabi/10.3.1/../../../../arm-none-eabi/lib/thumb/v6-m/nofp/:/opt/homebrew/Cellar/arm-none-eabi-gcc/10.3-2021.07/gcc/bin/../arm-none-eabi/lib/thumb/v6-m/nofp/:/opt/homebrew/Cellar/arm-none-eabi-gcc/10.3-2021.07/gcc/bin/../lib/gcc/arm-none-eabi/10.3.1/:/opt/homebrew/Cellar/arm-none-eabi-gcc/10.3-2021.07/gcc/bin/../lib/gcc/:/opt/homebrew/Cellar/arm-none-eabi-gcc/10.3-2021.07/gcc/bin/../lib/gcc/arm-none-eabi/10.3.1/../../../../arm-none-eabi/lib/:/opt/homebrew/Cellar/arm-none-eabi-gcc/10.3-2021.07/gcc/bin/../arm-none-eabi/lib/
COLLECT_GCC_OPTIONS='-mcpu=cortex-m0plus' '-mthumb' '-nostdlib' '-v' '-o' 'cmTC_97dc6.elf' '-mfloat-abi=soft' '-mlibarch=armv6s-m' '-march=armv6s-m'
 /opt/homebrew/Cellar/arm-none-eabi-gcc/10.3-2021.07/gcc/bin/../lib/gcc/arm-none-eabi/10.3.1/collect2 -plugin /opt/homebrew/Cellar/arm-none-eabi-gcc/10.3-2021.07/gcc/bin/../lib/gcc/arm-none-eabi/10.3.1/liblto_plugin.so -plugin-opt=/opt/homebrew/Cellar/arm-none-eabi-gcc/10.3-2021.07/gcc/bin/../lib/gcc/arm-none-eabi/10.3.1/lto-wrapper -plugin-opt=-fresolution=/var/folders/93/m4nrst_97mb1prbp4w6clz240000gn/T//ccoE18VX.res --sysroot=/opt/homebrew/Cellar/arm-none-eabi-gcc/10.3-2021.07/gcc/bin/../arm-none-eabi -X -o cmTC_97dc6.elf -L/opt/homebrew/Cellar/arm-none-eabi-gcc/10.3-2021.07/gcc/bin/../lib/gcc/arm-none-eabi/10.3.1/thumb/v6-m/nofp -L/opt/homebrew/Cellar/arm-none-eabi-gcc/10.3-2021.07/gcc/bin/../lib/gcc/arm-none-eabi/10.3.1/../../../../arm-none-eabi/lib/thumb/v6-m/nofp -L/opt/homebrew/Cellar/arm-none-eabi-gcc/10.3-2021.07/gcc/bin/../arm-none-eabi/lib/thumb/v6-m/nofp -L/opt/homebrew/Cellar/arm-none-eabi-gcc/10.3-2021.07/gcc/bin/../lib/gcc/arm-none-eabi/10.3.1 -L/opt/homebrew/Cellar/arm-none-eabi-gcc/10.3-2021.07/gcc/bin/../lib/gcc -L/opt/homebrew/Cellar/arm-none-eabi-gcc/10.3-2021.07/gcc/bin/../lib/gcc/arm-none-eabi/10.3.1/../../../../arm-none-eabi/lib -L/opt/homebrew/Cellar/arm-none-eabi-gcc/10.3-2021.07/gcc/bin/../arm-none-eabi/lib --build-id=none CMakeFiles/cmTC_97dc6.dir/CMakeCXXCompilerABI.cpp.obj
/opt/homebrew/Cellar/arm-none-eabi-gcc/10.3-2021.07/gcc/bin/../lib/gcc/arm-none-eabi/10.3.1/../../../../arm-none-eabi/bin/ld: warning: cannot find entry symbol _start; defaulting to 0000000000008000
COLLECT_GCC_OPTIONS='-mcpu=cortex-m0plus' '-mthumb' '-nostdlib' '-v' '-o' 'cmTC_97dc6.elf' '-mfloat-abi=soft' '-mlibarch=armv6s-m' '-march=armv6s-m'



Parsed CXX implicit include dir info from above output: rv=done
  found start of include info
  found start of implicit include info
    add: [/opt/homebrew/Cellar/arm-none-eabi-gcc/10.3-2021.07/gcc/bin/../lib/gcc/arm-none-eabi/10.3.1/../../../../arm-none-eabi/include/c++/10.3.1]
    add: [/opt/homebrew/Cellar/arm-none-eabi-gcc/10.3-2021.07/gcc/bin/../lib/gcc/arm-none-eabi/10.3.1/../../../../arm-none-eabi/include/c++/10.3.1/arm-none-eabi/thumb/v6-m/nofp]
    add: [/opt/homebrew/Cellar/arm-none-eabi-gcc/10.3-2021.07/gcc/bin/../lib/gcc/arm-none-eabi/10.3.1/../../../../arm-none-eabi/include/c++/10.3.1/backward]
    add: [/opt/homebrew/Cellar/arm-none-eabi-gcc/10.3-2021.07/gcc/bin/../lib/gcc/arm-none-eabi/10.3.1/include]
    add: [/opt/homebrew/Cellar/arm-none-eabi-gcc/10.3-2021.07/gcc/bin/../lib/gcc/arm-none-eabi/10.3.1/include-fixed]
    add: [/opt/homebrew/Cellar/arm-none-eabi-gcc/10.3-2021.07/gcc/bin/../lib/gcc/arm-none-eabi/10.3.1/../../../../arm-none-eabi/include]
  end of search list found
  collapse include dir [/opt/homebrew/Cellar/arm-none-eabi-gcc/10.3-2021.07/gcc/bin/../lib/gcc/arm-none-eabi/10.3.1/../../../../arm-none-eabi/include/c++/10.3.1] ==> [/opt/homebrew/Cellar/arm-none-eabi-gcc/10.3-2021.07/gcc/arm-none-eabi/include/c++/10.3.1]
  collapse include dir [/opt/homebrew/Cellar/arm-none-eabi-gcc/10.3-2021.07/gcc/bin/../lib/gcc/arm-none-eabi/10.3.1/../../../../arm-none-eabi/include/c++/10.3.1/arm-none-eabi/thumb/v6-m/nofp] ==> [/opt/homebrew/Cellar/arm-none-eabi-gcc/10.3-2021.07/gcc/arm-none-eabi/include/c++/10.3.1/arm-none-eabi/thumb/v6-m/nofp]
  collapse include dir [/opt/homebrew/Cellar/arm-none-eabi-gcc/10.3-2021.07/gcc/bin/../lib/gcc/arm-none-eabi/10.3.1/../../../../arm-none-eabi/include/c++/10.3.1/backward] ==> [/opt/homebrew/Cellar/arm-none-eabi-gcc/10.3-2021.07/gcc/arm-none-eabi/include/c++/10.3.1/backward]
  collapse include dir [/opt/homebrew/Cellar/arm-none-eabi-gcc/10.3-2021.07/gcc/bin/../lib/gcc/arm-none-eabi/10.3.1/include] ==> [/opt/homebrew/Cellar/arm-none-eabi-gcc/10.3-2021.07/gcc/lib/gcc/arm-none-eabi/10.3.1/include]
  collapse include dir [/opt/homebrew/Cellar/arm-none-eabi-gcc/10.3-2021.07/gcc/bin/../lib/gcc/arm-none-eabi/10.3.1/include-fixed] ==> [/opt/homebrew/Cellar/arm-none-eabi-gcc/10.3-2021.07/gcc/lib/gcc/arm-none-eabi/10.3.1/include-fixed]
  collapse include dir [/opt/homebrew/Cellar/arm-none-eabi-gcc/10.3-2021.07/gcc/bin/../lib/gcc/arm-none-eabi/10.3.1/../../../../arm-none-eabi/include] ==> [/opt/homebrew/Cellar/arm-none-eabi-gcc/10.3-2021.07/gcc/arm-none-eabi/include]
  implicit include dirs: [/opt/homebrew/Cellar/arm-none-eabi-gcc/10.3-2021.07/gcc/arm-none-eabi/include/c++/10.3.1;/opt/homebrew/Cellar/arm-none-eabi-gcc/10.3-2021.07/gcc/arm-none-eabi/include/c++/10.3.1/arm-none-eabi/thumb/v6-m/nofp;/opt/homebrew/Cellar/arm-none-eabi-gcc/10.3-2021.07/gcc/arm-none-eabi/include/c++/10.3.1/backward;/opt/homebrew/Cellar/arm-none-eabi-gcc/10.3-2021.07/gcc/lib/gcc/arm-none-eabi/10.3.1/include;/opt/homebrew/Cellar/arm-none-eabi-gcc/10.3-2021.07/gcc/lib/gcc/arm-none-eabi/10.3.1/include-fixed;/opt/homebrew/Cellar/arm-none-eabi-gcc/10.3-2021.07/gcc/arm-none-eabi/include]


Parsed CXX implicit link information from above output:
  link line regex: [^( *|.*[/\])(arm-none-eabi-ld|CMAKE_LINK_STARTFILE-NOTFOUND|([^/\]+-)?ld|collect2)[^/\]*( |$)]
  ignore line: [Change Dir: /Users/tleavitt/pico/projects/picoSignals/build/CMakeFiles/CMakeTmp]
  ignore line: []
  ignore line: [Run Build Command(s):/usr/bin/make -f Makefile cmTC_97dc6/fast && /Library/Developer/CommandLineTools/usr/bin/make  -f CMakeFiles/cmTC_97dc6.dir/build.make CMakeFiles/cmTC_97dc6.dir/build]
  ignore line: [Building CXX object CMakeFiles/cmTC_97dc6.dir/CMakeCXXCompilerABI.cpp.obj]
  ignore line: [/opt/homebrew/bin/arm-none-eabi-g++   -mcpu=cortex-m0plus -mthumb    -v -o CMakeFiles/cmTC_97dc6.dir/CMakeCXXCompilerABI.cpp.obj -c /opt/homebrew/Cellar/cmake/3.24.3/share/cmake/Modules/CMakeCXXCompilerABI.cpp]
  ignore line: [Using built-in specs.]
  ignore line: [COLLECT_GCC=/opt/homebrew/bin/arm-none-eabi-g++]
  ignore line: [Target: arm-none-eabi]
  ignore line: [Configured with: /tmp/jenkins-GCC-10-pipeline-259_20210727_1627345004/src/gcc/configure --target=arm-none-eabi --prefix=/tmp/jenkins-GCC-10-pipeline-259_20210727_1627345004/install-native --libexecdir=/tmp/jenkins-GCC-10-pipeline-259_20210727_1627345004/install-native/lib --infodir=/tmp/jenkins-GCC-10-pipeline-259_20210727_1627345004/install-native/share/doc/gcc-arm-none-eabi/info --mandir=/tmp/jenkins-GCC-10-pipeline-259_20210727_1627345004/install-native/share/doc/gcc-arm-none-eabi/man --htmldir=/tmp/jenkins-GCC-10-pipeline-259_20210727_1627345004/install-native/share/doc/gcc-arm-none-eabi/html --pdfdir=/tmp/jenkins-GCC-10-pipeline-259_20210727_1627345004/install-native/share/doc/gcc-arm-none-eabi/pdf --enable-languages=c,c++ --enable-plugins --disable-decimal-float --disable-libffi --disable-libgomp --disable-libmudflap --disable-libquadmath --disable-libssp --disable-libstdcxx-pch --disable-nls --disable-shared --disable-threads --disable-tls --with-gnu-as --with-gnu-ld --with-newlib --with-headers=yes --with-python-dir=share/gcc-arm-none-eabi --with-sysroot=/tmp/jenkins-GCC-10-pipeline-259_20210727_1627345004/install-native/arm-none-eabi --build=x86_64-apple-darwin10 --host=x86_64-apple-darwin10 --with-gmp=/tmp/jenkins-GCC-10-pipeline-259_20210727_1627345004/build-native/host-libs/usr --with-mpfr=/tmp/jenkins-GCC-10-pipeline-259_20210727_1627345004/build-native/host-libs/usr --with-mpc=/tmp/jenkins-GCC-10-pipeline-259_20210727_1627345004/build-native/host-libs/usr --with-isl=/tmp/jenkins-GCC-10-pipeline-259_20210727_1627345004/build-native/host-libs/usr --with-libelf=/tmp/jenkins-GCC-10-pipeline-259_20210727_1627345004/build-native/host-libs/usr --with-host-libstdcxx='-static-libgcc -Wl,-lstdc++ -lm' --with-pkgversion='GNU Arm Embedded Toolchain 10.3-2021.07' --with-multilib-list=rmprofile,aprofile]
  ignore line: [Thread model: single]
  ignore line: [Supported LTO compression algorithms: zlib]
  ignore line: [gcc version 10.3.1 20210621 (release) (GNU Arm Embedded Toolchain 10.3-2021.07) ]
  ignore line: [COLLECT_GCC_OPTIONS='-mcpu=cortex-m0plus' '-mthumb' '-v' '-o' 'CMakeFiles/cmTC_97dc6.dir/CMakeCXXCompilerABI.cpp.obj' '-c' '-mfloat-abi=soft' '-mlibarch=armv6s-m' '-march=armv6s-m']
  ignore line: [ /opt/homebrew/Cellar/arm-none-eabi-gcc/10.3-2021.07/gcc/bin/../lib/gcc/arm-none-eabi/10.3.1/cc1plus -quiet -v -imultilib thumb/v6-m/nofp -iprefix /opt/homebrew/Cellar/arm-none-eabi-gcc/10.3-2021.07/gcc/bin/../lib/gcc/arm-none-eabi/10.3.1/ -isysroot /opt/homebrew/Cellar/arm-none-eabi-gcc/10.3-2021.07/gcc/bin/../arm-none-eabi -D__USES_INITFINI__ /opt/homebrew/Cellar/cmake/3.24.3/share/cmake/Modules/CMakeCXXCompilerABI.cpp -quiet -dumpbase CMakeCXXCompilerABI.cpp -mcpu=cortex-m0plus -mthumb -mfloat-abi=soft -mlibarch=armv6s-m -march=armv6s-m -auxbase-strip CMakeFiles/cmTC_97dc6.dir/CMakeCXXCompilerABI.cpp.obj -version -o /var/folders/93/m4nrst_97mb1prbp4w6clz240000gn/T//ccIgiY0J.s]
  ignore line: [GNU C++14 (GNU Arm Embedded Toolchain 10.3-2021.07) version 10.3.1 20210621 (release) (arm-none-eabi)]
  ignore line: [	compiled by GNU C version 4.2.1 Compatible Apple LLVM 11.0.0 (clang-1100.0.33.17)  GMP version 6.1.0  MPFR version 3.1.4  MPC version 1.0.3  isl version isl-0.18-GMP]
  ignore line: []
  ignore line: [GGC heuristics: --param ggc-min-expand=100 --param ggc-min-heapsize=131072]
  ignore line: [ignoring duplicate directory "/opt/homebrew/Cellar/arm-none-eabi-gcc/10.3-2021.07/gcc/bin/../lib/gcc/../../lib/gcc/arm-none-eabi/10.3.1/../../../../arm-none-eabi/include/c++/10.3.1"]
  ignore line: [ignoring duplicate directory "/opt/homebrew/Cellar/arm-none-eabi-gcc/10.3-2021.07/gcc/bin/../lib/gcc/../../lib/gcc/arm-none-eabi/10.3.1/../../../../arm-none-eabi/include/c++/10.3.1/arm-none-eabi/thumb/v6-m/nofp"]
  ignore line: [ignoring duplicate directory "/opt/homebrew/Cellar/arm-none-eabi-gcc/10.3-2021.07/gcc/bin/../lib/gcc/../../lib/gcc/arm-none-eabi/10.3.1/../../../../arm-none-eabi/include/c++/10.3.1/backward"]
  ignore line: [ignoring duplicate directory "/opt/homebrew/Cellar/arm-none-eabi-gcc/10.3-2021.07/gcc/bin/../lib/gcc/../../lib/gcc/arm-none-eabi/10.3.1/include"]
  ignore line: [ignoring nonexistent directory "/opt/homebrew/Cellar/arm-none-eabi-gcc/10.3-2021.07/gcc/bin/../arm-none-eabi/usr/local/include"]
  ignore line: [ignoring duplicate directory "/opt/homebrew/Cellar/arm-none-eabi-gcc/10.3-2021.07/gcc/bin/../lib/gcc/../../lib/gcc/arm-none-eabi/10.3.1/include-fixed"]
  ignore line: [ignoring duplicate directory "/opt/homebrew/Cellar/arm-none-eabi-gcc/10.3-2021.07/gcc/bin/../lib/gcc/../../lib/gcc/arm-none-eabi/10.3.1/../../../../arm-none-eabi/include"]
  ignore line: [ignoring nonexistent directory "/opt/homebrew/Cellar/arm-none-eabi-gcc/10.3-2021.07/gcc/bin/../arm-none-eabi/usr/include"]
  ignore line: [#include "..." search starts here:]
  ignore line: [#include <...> search starts here:]
  ignore line: [ /opt/homebrew/Cellar/arm-none-eabi-gcc/10.3-2021.07/gcc/bin/../lib/gcc/arm-none-eabi/10.3.1/../../../../arm-none-eabi/include/c++/10.3.1]
  ignore line: [ /opt/homebrew/Cellar/arm-none-eabi-gcc/10.3-2021.07/gcc/bin/../lib/gcc/arm-none-eabi/10.3.1/../../../../arm-none-eabi/include/c++/10.3.1/arm-none-eabi/thumb/v6-m/nofp]
  ignore line: [ /opt/homebrew/Cellar/arm-none-eabi-gcc/10.3-2021.07/gcc/bin/../lib/gcc/arm-none-eabi/10.3.1/../../../../arm-none-eabi/include/c++/10.3.1/backward]
  ignore line: [ /opt/homebrew/Cellar/arm-none-eabi-gcc/10.3-2021.07/gcc/bin/../lib/gcc/arm-none-eabi/10.3.1/include]
  ignore line: [ /opt/homebrew/Cellar/arm-none-eabi-gcc/10.3-2021.07/gcc/bin/../lib/gcc/arm-none-eabi/10.3.1/include-fixed]
  ignore line: [ /opt/homebrew/Cellar/arm-none-eabi-gcc/10.3-2021.07/gcc/bin/../lib/gcc/arm-none-eabi/10.3.1/../../../../arm-none-eabi/include]
  ignore line: [End of search list.]
  ignore line: [GNU C++14 (GNU Arm Embedded Toolchain 10.3-2021.07) version 10.3.1 20210621 (release) (arm-none-eabi)]
  ignore line: [	compiled by GNU C version 4.2.1 Compatible Apple LLVM 11.0.0 (clang-1100.0.33.17)  GMP version 6.1.0  MPFR version 3.1.4  MPC version 1.0.3  isl version isl-0.18-GMP]
  ignore line: []
  ignore line: [GGC heuristics: --param ggc-min-expand=100 --param ggc-min-heapsize=131072]
  ignore line: [Compiler executable checksum: 70db48a4a4272d34069aa074d5721a63]
  ignore line: [COLLECT_GCC_OPTIONS='-mcpu=cortex-m0plus' '-mthumb' '-v' '-o' 'CMakeFiles/cmTC_97dc6.dir/CMakeCXXCompilerABI.cpp.obj' '-c' '-mfloat-abi=soft' '-mlibarch=armv6s-m' '-march=armv6s-m']
  ignore line: [ /opt/homebrew/Cellar/arm-none-eabi-gcc/10.3-2021.07/gcc/bin/../lib/gcc/arm-none-eabi/10.3.1/../../../../arm-none-eabi/bin/as -v -march=armv6s-m -mfloat-abi=soft -meabi=5 -o CMakeFiles/cmTC_97dc6.dir/CMakeCXXCompilerABI.cpp.obj /var/folders/93/m4nrst_97mb1prbp4w6clz240000gn/T//ccIgiY0J.s]
  ignore line: [GNU assembler version 2.36.1 (arm-none-eabi) using BFD version (GNU Arm Embedded Toolchain 10.3-2021.07) 2.36.1.20210621]
  ignore line: [COMPILER_PATH=/opt/homebrew/Cellar/arm-none-eabi-gcc/10.3-2021.07/gcc/bin/../lib/gcc/arm-none-eabi/10.3.1/:/opt/homebrew/Cellar/arm-none-eabi-gcc/10.3-2021.07/gcc/bin/../lib/gcc/:/opt/homebrew/Cellar/arm-none-eabi-gcc/10.3-2021.07/gcc/bin/../lib/gcc/arm-none-eabi/10.3.1/../../../../arm-none-eabi/bin/]
  ignore line: [LIBRARY_PATH=/opt/homebrew/Cellar/arm-none-eabi-gcc/10.3-2021.07/gcc/bin/../lib/gcc/arm-none-eabi/10.3.1/thumb/v6-m/nofp/:/opt/homebrew/Cellar/arm-none-eabi-gcc/10.3-2021.07/gcc/bin/../lib/gcc/arm-none-eabi/10.3.1/../../../../arm-none-eabi/lib/thumb/v6-m/nofp/:/opt/homebrew/Cellar/arm-none-eabi-gcc/10.3-2021.07/gcc/bin/../arm-none-eabi/lib/thumb/v6-m/nofp/:/opt/homebrew/Cellar/arm-none-eabi-gcc/10.3-2021.07/gcc/bin/../lib/gcc/arm-none-eabi/10.3.1/:/opt/homebrew/Cellar/arm-none-eabi-gcc/10.3-2021.07/gcc/bin/../lib/gcc/:/opt/homebrew/Cellar/arm-none-eabi-gcc/10.3-2021.07/gcc/bin/../lib/gcc/arm-none-eabi/10.3.1/../../../../arm-none-eabi/lib/:/opt/homebrew/Cellar/arm-none-eabi-gcc/10.3-2021.07/gcc/bin/../arm-none-eabi/lib/]
  ignore line: [COLLECT_GCC_OPTIONS='-mcpu=cortex-m0plus' '-mthumb' '-v' '-o' 'CMakeFiles/cmTC_97dc6.dir/CMakeCXXCompilerABI.cpp.obj' '-c' '-mfloat-abi=soft' '-mlibarch=armv6s-m' '-march=armv6s-m']
  ignore line: [Linking CXX executable cmTC_97dc6.elf]
  ignore line: [/opt/homebrew/Cellar/cmake/3.24.3/bin/cmake -E cmake_link_script CMakeFiles/cmTC_97dc6.dir/link.txt --verbose=1]
  ignore line: [/opt/homebrew/bin/arm-none-eabi-g++ -mcpu=cortex-m0plus -mthumb  -Wl --build-id=none -nostdlib  -v CMakeFiles/cmTC_97dc6.dir/CMakeCXXCompilerABI.cpp.obj -o cmTC_97dc6.elf ]
  ignore line: [Using built-in specs.]
  ignore line: [COLLECT_GCC=/opt/homebrew/bin/arm-none-eabi-g++]
  ignore line: [COLLECT_LTO_WRAPPER=/opt/homebrew/Cellar/arm-none-eabi-gcc/10.3-2021.07/gcc/bin/../lib/gcc/arm-none-eabi/10.3.1/lto-wrapper]
  ignore line: [Target: arm-none-eabi]
  ignore line: [Configured with: /tmp/jenkins-GCC-10-pipeline-259_20210727_1627345004/src/gcc/configure --target=arm-none-eabi --prefix=/tmp/jenkins-GCC-10-pipeline-259_20210727_1627345004/install-native --libexecdir=/tmp/jenkins-GCC-10-pipeline-259_20210727_1627345004/install-native/lib --infodir=/tmp/jenkins-GCC-10-pipeline-259_20210727_1627345004/install-native/share/doc/gcc-arm-none-eabi/info --mandir=/tmp/jenkins-GCC-10-pipeline-259_20210727_1627345004/install-native/share/doc/gcc-arm-none-eabi/man --htmldir=/tmp/jenkins-GCC-10-pipeline-259_20210727_1627345004/install-native/share/doc/gcc-arm-none-eabi/html --pdfdir=/tmp/jenkins-GCC-10-pipeline-259_20210727_1627345004/install-native/share/doc/gcc-arm-none-eabi/pdf --enable-languages=c,c++ --enable-plugins --disable-decimal-float --disable-libffi --disable-libgomp --disable-libmudflap --disable-libquadmath --disable-libssp --disable-libstdcxx-pch --disable-nls --disable-shared --disable-threads --disable-tls --with-gnu-as --with-gnu-ld --with-newlib --with-headers=yes --with-python-dir=share/gcc-arm-none-eabi --with-sysroot=/tmp/jenkins-GCC-10-pipeline-259_20210727_1627345004/install-native/arm-none-eabi --build=x86_64-apple-darwin10 --host=x86_64-apple-darwin10 --with-gmp=/tmp/jenkins-GCC-10-pipeline-259_20210727_1627345004/build-native/host-libs/usr --with-mpfr=/tmp/jenkins-GCC-10-pipeline-259_20210727_1627345004/build-native/host-libs/usr --with-mpc=/tmp/jenkins-GCC-10-pipeline-259_20210727_1627345004/build-native/host-libs/usr --with-isl=/tmp/jenkins-GCC-10-pipeline-259_20210727_1627345004/build-native/host-libs/usr --with-libelf=/tmp/jenkins-GCC-10-pipeline-259_20210727_1627345004/build-native/host-libs/usr --with-host-libstdcxx='-static-libgcc -Wl,-lstdc++ -lm' --with-pkgversion='GNU Arm Embedded Toolchain 10.3-2021.07' --with-multilib-list=rmprofile,aprofile]
  ignore line: [Thread model: single]
  ignore line: [Supported LTO compression algorithms: zlib]
  ignore line: [gcc version 10.3.1 20210621 (release) (GNU Arm Embedded Toolchain 10.3-2021.07) ]
  ignore line: [COMPILER_PATH=/opt/homebrew/Cellar/arm-none-eabi-gcc/10.3-2021.07/gcc/bin/../lib/gcc/arm-none-eabi/10.3.1/:/opt/homebrew/Cellar/arm-none-eabi-gcc/10.3-2021.07/gcc/bin/../lib/gcc/:/opt/homebrew/Cellar/arm-none-eabi-gcc/10.3-2021.07/gcc/bin/../lib/gcc/arm-none-eabi/10.3.1/../../../../arm-none-eabi/bin/]
  ignore line: [LIBRARY_PATH=/opt/homebrew/Cellar/arm-none-eabi-gcc/10.3-2021.07/gcc/bin/../lib/gcc/arm-none-eabi/10.3.1/thumb/v6-m/nofp/:/opt/homebrew/Cellar/arm-none-eabi-gcc/10.3-2021.07/gcc/bin/../lib/gcc/arm-none-eabi/10.3.1/../../../../arm-none-eabi/lib/thumb/v6-m/nofp/:/opt/homebrew/Cellar/arm-none-eabi-gcc/10.3-2021.07/gcc/bin/../arm-none-eabi/lib/thumb/v6-m/nofp/:/opt/homebrew/Cellar/arm-none-eabi-gcc/10.3-2021.07/gcc/bin/../lib/gcc/arm-none-eabi/10.3.1/:/opt/homebrew/Cellar/arm-none-eabi-gcc/10.3-2021.07/gcc/bin/../lib/gcc/:/opt/homebrew/Cellar/arm-none-eabi-gcc/10.3-2021.07/gcc/bin/../lib/gcc/arm-none-eabi/10.3.1/../../../../arm-none-eabi/lib/:/opt/homebrew/Cellar/arm-none-eabi-gcc/10.3-2021.07/gcc/bin/../arm-none-eabi/lib/]
  ignore line: [COLLECT_GCC_OPTIONS='-mcpu=cortex-m0plus' '-mthumb' '-nostdlib' '-v' '-o' 'cmTC_97dc6.elf' '-mfloat-abi=soft' '-mlibarch=armv6s-m' '-march=armv6s-m']
  link line: [ /opt/homebrew/Cellar/arm-none-eabi-gcc/10.3-2021.07/gcc/bin/../lib/gcc/arm-none-eabi/10.3.1/collect2 -plugin /opt/homebrew/Cellar/arm-none-eabi-gcc/10.3-2021.07/gcc/bin/../lib/gcc/arm-none-eabi/10.3.1/liblto_plugin.so -plugin-opt=/opt/homebrew/Cellar/arm-none-eabi-gcc/10.3-2021.07/gcc/bin/../lib/gcc/arm-none-eabi/10.3.1/lto-wrapper -plugin-opt=-fresolution=/var/folders/93/m4nrst_97mb1prbp4w6clz240000gn/T//ccoE18VX.res --sysroot=/opt/homebrew/Cellar/arm-none-eabi-gcc/10.3-2021.07/gcc/bin/../arm-none-eabi -X -o cmTC_97dc6.elf -L/opt/homebrew/Cellar/arm-none-eabi-gcc/10.3-2021.07/gcc/bin/../lib/gcc/arm-none-eabi/10.3.1/thumb/v6-m/nofp -L/opt/homebrew/Cellar/arm-none-eabi-gcc/10.3-2021.07/gcc/bin/../lib/gcc/arm-none-eabi/10.3.1/../../../../arm-none-eabi/lib/thumb/v6-m/nofp -L/opt/homebrew/Cellar/arm-none-eabi-gcc/10.3-2021.07/gcc/bin/../arm-none-eabi/lib/thumb/v6-m/nofp -L/opt/homebrew/Cellar/arm-none-eabi-gcc/10.3-2021.07/gcc/bin/../lib/gcc/arm-none-eabi/10.3.1 -L/opt/homebrew/Cellar/arm-none-eabi-gcc/10.3-2021.07/gcc/bin/../lib/gcc -L/opt/homebrew/Cellar/arm-none-eabi-gcc/10.3-2021.07/gcc/bin/../lib/gcc/arm-none-eabi/10.3.1/../../../../arm-none-eabi/lib -L/opt/homebrew/Cellar/arm-none-eabi-gcc/10.3-2021.07/gcc/bin/../arm-none-eabi/lib --build-id=none CMakeFiles/cmTC_97dc6.dir/CMakeCXXCompilerABI.cpp.obj]
    arg [/opt/homebrew/Cellar/arm-none-eabi-gcc/10.3-2021.07/gcc/bin/../lib/gcc/arm-none-eabi/10.3.1/collect2] ==> ignore
    arg [-plugin] ==> ignore
    arg [/opt/homebrew/Cellar/arm-none-eabi-gcc/10.3-2021.07/gcc/bin/../lib/gcc/arm-none-eabi/10.3.1/liblto_plugin.so] ==> ignore
    arg [-plugin-opt=/opt/homebrew/Cellar/arm-none-eabi-gcc/10.3-2021.07/gcc/bin/../lib/gcc/arm-none-eabi/10.3.1/lto-wrapper] ==> ignore
    arg [-plugin-opt=-fresolution=/var/folders/93/m4nrst_97mb1prbp4w6clz240000gn/T//ccoE18VX.res] ==> ignore
    arg [--sysroot=/opt/homebrew/Cellar/arm-none-eabi-gcc/10.3-2021.07/gcc/bin/../arm-none-eabi] ==> ignore
    arg [-X] ==> ignore
    arg [-o] ==> ignore
    arg [cmTC_97dc6.elf] ==> ignore
    arg [-L/opt/homebrew/Cellar/arm-none-eabi-gcc/10.3-2021.07/gcc/bin/../lib/gcc/arm-none-eabi/10.3.1/thumb/v6-m/nofp] ==> dir [/opt/homebrew/Cellar/arm-none-eabi-gcc/10.3-2021.07/gcc/bin/../lib/gcc/arm-none-eabi/10.3.1/thumb/v6-m/nofp]
    arg [-L/opt/homebrew/Cellar/arm-none-eabi-gcc/10.3-2021.07/gcc/bin/../lib/gcc/arm-none-eabi/10.3.1/../../../../arm-none-eabi/lib/thumb/v6-m/nofp] ==> dir [/opt/homebrew/Cellar/arm-none-eabi-gcc/10.3-2021.07/gcc/bin/../lib/gcc/arm-none-eabi/10.3.1/../../../../arm-none-eabi/lib/thumb/v6-m/nofp]
    arg [-L/opt/homebrew/Cellar/arm-none-eabi-gcc/10.3-2021.07/gcc/bin/../arm-none-eabi/lib/thumb/v6-m/nofp] ==> dir [/opt/homebrew/Cellar/arm-none-eabi-gcc/10.3-2021.07/gcc/bin/../arm-none-eabi/lib/thumb/v6-m/nofp]
    arg [-L/opt/homebrew/Cellar/arm-none-eabi-gcc/10.3-2021.07/gcc/bin/../lib/gcc/arm-none-eabi/10.3.1] ==> dir [/opt/homebrew/Cellar/arm-none-eabi-gcc/10.3-2021.07/gcc/bin/../lib/gcc/arm-none-eabi/10.3.1]
    arg [-L/opt/homebrew/Cellar/arm-none-eabi-gcc/10.3-2021.07/gcc/bin/../lib/gcc] ==> dir [/opt/homebrew/Cellar/arm-none-eabi-gcc/10.3-2021.07/gcc/bin/../lib/gcc]
    arg [-L/opt/homebrew/Cellar/arm-none-eabi-gcc/10.3-2021.07/gcc/bin/../lib/gcc/arm-none-eabi/10.3.1/../../../../arm-none-eabi/lib] ==> dir [/opt/homebrew/Cellar/arm-none-eabi-gcc/10.3-2021.07/gcc/bin/../lib/gcc/arm-none-eabi/10.3.1/../../../../arm-none-eabi/lib]
    arg [-L/opt/homebrew/Cellar/arm-none-eabi-gcc/10.3-2021.07/gcc/bin/../arm-none-eabi/lib] ==> dir [/opt/homebrew/Cellar/arm-none-eabi-gcc/10.3-2021.07/gcc/bin/../arm-none-eabi/lib]
    arg [--build-id=none] ==> ignore
    arg [CMakeFiles/cmTC_97dc6.dir/CMakeCXXCompilerABI.cpp.obj] ==> ignore
  collapse library dir [/opt/homebrew/Cellar/arm-none-eabi-gcc/10.3-2021.07/gcc/bin/../lib/gcc/arm-none-eabi/10.3.1/thumb/v6-m/nofp] ==> [/opt/homebrew/Cellar/arm-none-eabi-gcc/10.3-2021.07/gcc/lib/gcc/arm-none-eabi/10.3.1/thumb/v6-m/nofp]
  collapse library dir [/opt/homebrew/Cellar/arm-none-eabi-gcc/10.3-2021.07/gcc/bin/../lib/gcc/arm-none-eabi/10.3.1/../../../../arm-none-eabi/lib/thumb/v6-m/nofp] ==> [/opt/homebrew/Cellar/arm-none-eabi-gcc/10.3-2021.07/gcc/arm-none-eabi/lib/thumb/v6-m/nofp]
  collapse library dir [/opt/homebrew/Cellar/arm-none-eabi-gcc/10.3-2021.07/gcc/bin/../arm-none-eabi/lib/thumb/v6-m/nofp] ==> [/opt/homebrew/Cellar/arm-none-eabi-gcc/10.3-2021.07/gcc/arm-none-eabi/lib/thumb/v6-m/nofp]
  collapse library dir [/opt/homebrew/Cellar/arm-none-eabi-gcc/10.3-2021.07/gcc/bin/../lib/gcc/arm-none-eabi/10.3.1] ==> [/opt/homebrew/Cellar/arm-none-eabi-gcc/10.3-2021.07/gcc/lib/gcc/arm-none-eabi/10.3.1]
  collapse library dir [/opt/homebrew/Cellar/arm-none-eabi-gcc/10.3-2021.07/gcc/bin/../lib/gcc] ==> [/opt/homebrew/Cellar/arm-none-eabi-gcc/10.3-2021.07/gcc/lib/gcc]
  collapse library dir [/opt/homebrew/Cellar/arm-none-eabi-gcc/10.3-2021.07/gcc/bin/../lib/gcc/arm-none-eabi/10.3.1/../../../../arm-none-eabi/lib] ==> [/opt/homebrew/Cellar/arm-none-eabi-gcc/10.3-2021.07/gcc/arm-none-eabi/lib]
  collapse library dir [/opt/homebrew/Cellar/arm-none-eabi-gcc/10.3-2021.07/gcc/bin/../arm-none-eabi/lib] ==> [/opt/homebrew/Cellar/arm-none-eabi-gcc/10.3-2021.07/gcc/arm-none-eabi/lib]
  implicit libs: []
  implicit objs: []
  implicit dirs: [/opt/homebrew/Cellar/arm-none-eabi-gcc/10.3-2021.07/gcc/lib/gcc/arm-none-eabi/10.3.1/thumb/v6-m/nofp;/opt/homebrew/Cellar/arm-none-eabi-gcc/10.3-2021.07/gcc/arm-none-eabi/lib/thumb/v6-m/nofp;/opt/homebrew/Cellar/arm-none-eabi-gcc/10.3-2021.07/gcc/lib/gcc/arm-none-eabi/10.3.1;/opt/homebrew/Cellar/arm-none-eabi-gcc/10.3-2021.07/gcc/lib/gcc;/opt/homebrew/Cellar/arm-none-eabi-gcc/10.3-2021.07/gcc/arm-none-eabi/lib]
  implicit fwks: []


Checking whether the ASM compiler is GNU using "--version" matched "(GNU assembler)|(GCC)|(Free Software Foundation)":
arm-none-eabi-gcc (GNU Arm Embedded Toolchain 10.3-2021.07) 10.3.1 20210621 (release)
Copyright (C) 2020 Free Software Foundation, Inc.
This is free software; see the source for copying conditions.  There is NO
warranty; not even for MERCHANTABILITY or FITNESS FOR A PARTICULAR PURPOSE.

